{"/Users/sethir/code/jsdom-webdriver/server.js": {"path":"/Users/sethir/code/jsdom-webdriver/server.js","statementMap":{"0":{"start":{"line":1,"column":14},"end":{"line":1,"column":30}},"1":{"start":{"line":2,"column":16},"end":{"line":2,"column":34}},"2":{"start":{"line":3,"column":45},"end":{"line":3,"column":61}},"3":{"start":{"line":4,"column":19},"end":{"line":4,"column":42}},"4":{"start":{"line":5,"column":17},"end":{"line":5,"column":37}},"5":{"start":{"line":7,"column":16},"end":{"line":7,"column":53}},"6":{"start":{"line":11,"column":18},"end":{"line":11,"column":33}},"7":{"start":{"line":12,"column":23},"end":{"line":12,"column":63}},"8":{"start":{"line":14,"column":0},"end":{"line":14,"column":53}},"9":{"start":{"line":16,"column":16},"end":{"line":58,"column":1}},"10":{"start":{"line":16,"column":33},"end":{"line":58,"column":1}},"11":{"start":{"line":17,"column":4},"end":{"line":17,"column":79}},"12":{"start":{"line":17,"column":49},"end":{"line":17,"column":77}},"13":{"start":{"line":19,"column":4},"end":{"line":57,"column":7}},"14":{"start":{"line":20,"column":8},"end":{"line":20,"column":60}},"15":{"start":{"line":21,"column":20},"end":{"line":21,"column":105}},"16":{"start":{"line":21,"column":37},"end":{"line":21,"column":105}},"17":{"start":{"line":22,"column":8},"end":{"line":22,"column":34}},"18":{"start":{"line":23,"column":8},"end":{"line":23,"column":30}},"19":{"start":{"line":25,"column":22},"end":{"line":25,"column":58}},"20":{"start":{"line":29,"column":8},"end":{"line":39,"column":9}},"21":{"start":{"line":34,"column":16},"end":{"line":34,"column":21}},"22":{"start":{"line":36,"column":12},"end":{"line":38,"column":15}},"23":{"start":{"line":41,"column":8},"end":{"line":56,"column":9}},"24":{"start":{"line":42,"column":27},"end":{"line":42,"column":61}},"25":{"start":{"line":43,"column":12},"end":{"line":43,"column":34}},"26":{"start":{"line":45,"column":12},"end":{"line":45,"column":47}},"27":{"start":{"line":51,"column":16},"end":{"line":51,"column":19}},"28":{"start":{"line":53,"column":12},"end":{"line":55,"column":15}},"29":{"start":{"line":60,"column":12},"end":{"line":60,"column":41}},"30":{"start":{"line":62,"column":12},"end":{"line":62,"column":31}},"31":{"start":{"line":63,"column":13},"end":{"line":63,"column":33}},"32":{"start":{"line":64,"column":15},"end":{"line":64,"column":37}},"33":{"start":{"line":66,"column":12},"end":{"line":69,"column":1}},"34":{"start":{"line":71,"column":0},"end":{"line":81,"column":3}},"35":{"start":{"line":76,"column":8},"end":{"line":79,"column":10}},"36":{"start":{"line":83,"column":0},"end":{"line":128,"column":3}},"37":{"start":{"line":88,"column":31},"end":{"line":88,"column":59}},"38":{"start":{"line":89,"column":31},"end":{"line":89,"column":66}},"39":{"start":{"line":91,"column":26},"end":{"line":91,"column":41}},"40":{"start":{"line":92,"column":22},"end":{"line":92,"column":50}},"41":{"start":{"line":94,"column":19},"end":{"line":94,"column":51}},"42":{"start":{"line":95,"column":24},"end":{"line":122,"column":9}},"43":{"start":{"line":100,"column":28},"end":{"line":100,"column":61}},"44":{"start":{"line":102,"column":16},"end":{"line":104,"column":17}},"45":{"start":{"line":103,"column":20},"end":{"line":103,"column":39}},"46":{"start":{"line":107,"column":16},"end":{"line":107,"column":98}},"47":{"start":{"line":108,"column":16},"end":{"line":108,"column":102}},"48":{"start":{"line":110,"column":37},"end":{"line":110,"column":70}},"49":{"start":{"line":111,"column":37},"end":{"line":111,"column":70}},"50":{"start":{"line":113,"column":25},"end":{"line":113,"column":50}},"51":{"start":{"line":114,"column":16},"end":{"line":118,"column":17}},"52":{"start":{"line":115,"column":20},"end":{"line":115,"column":60}},"53":{"start":{"line":116,"column":20},"end":{"line":116,"column":50}},"54":{"start":{"line":117,"column":20},"end":{"line":117,"column":50}},"55":{"start":{"line":120,"column":16},"end":{"line":120,"column":26}},"56":{"start":{"line":124,"column":8},"end":{"line":124,"column":38}},"57":{"start":{"line":126,"column":8},"end":{"line":126,"column":73}},"58":{"start":{"line":130,"column":0},"end":{"line":140,"column":3}},"59":{"start":{"line":135,"column":24},"end":{"line":135,"column":52}},"60":{"start":{"line":136,"column":8},"end":{"line":136,"column":37}},"61":{"start":{"line":138,"column":8},"end":{"line":138,"column":40}},"62":{"start":{"line":142,"column":0},"end":{"line":149,"column":3}},"63":{"start":{"line":146,"column":8},"end":{"line":146,"column":20}},"64":{"start":{"line":151,"column":0},"end":{"line":158,"column":3}},"65":{"start":{"line":155,"column":8},"end":{"line":155,"column":20}},"66":{"start":{"line":160,"column":0},"end":{"line":182,"column":3}},"67":{"start":{"line":165,"column":24},"end":{"line":165,"column":52}},"68":{"start":{"line":167,"column":8},"end":{"line":170,"column":9}},"69":{"start":{"line":168,"column":12},"end":{"line":168,"column":37}},"70":{"start":{"line":169,"column":12},"end":{"line":169,"column":78}},"71":{"start":{"line":172,"column":8},"end":{"line":178,"column":11}},"72":{"start":{"line":180,"column":8},"end":{"line":180,"column":70}},"73":{"start":{"line":184,"column":0},"end":{"line":193,"column":3}},"74":{"start":{"line":189,"column":24},"end":{"line":189,"column":52}},"75":{"start":{"line":191,"column":8},"end":{"line":191,"column":50}},"76":{"start":{"line":195,"column":0},"end":{"line":202,"column":3}},"77":{"start":{"line":200,"column":8},"end":{"line":200,"column":41}},"78":{"start":{"line":204,"column":0},"end":{"line":211,"column":3}},"79":{"start":{"line":209,"column":8},"end":{"line":209,"column":41}},"80":{"start":{"line":213,"column":0},"end":{"line":232,"column":3}},"81":{"start":{"line":218,"column":24},"end":{"line":218,"column":52}},"82":{"start":{"line":219,"column":20},"end":{"line":219,"column":33}},"83":{"start":{"line":220,"column":25},"end":{"line":220,"column":54}},"84":{"start":{"line":222,"column":8},"end":{"line":228,"column":11}},"85":{"start":{"line":230,"column":8},"end":{"line":230,"column":20}},"86":{"start":{"line":234,"column":0},"end":{"line":243,"column":3}},"87":{"start":{"line":239,"column":24},"end":{"line":239,"column":52}},"88":{"start":{"line":241,"column":8},"end":{"line":241,"column":51}},"89":{"start":{"line":245,"column":0},"end":{"line":250,"column":3}},"90":{"start":{"line":252,"column":0},"end":{"line":261,"column":3}},"91":{"start":{"line":257,"column":24},"end":{"line":257,"column":52}},"92":{"start":{"line":259,"column":8},"end":{"line":259,"column":37}},"93":{"start":{"line":263,"column":0},"end":{"line":268,"column":3}},"94":{"start":{"line":270,"column":0},"end":{"line":275,"column":3}},"95":{"start":{"line":277,"column":0},"end":{"line":282,"column":3}},"96":{"start":{"line":284,"column":0},"end":{"line":289,"column":3}},"97":{"start":{"line":291,"column":0},"end":{"line":296,"column":3}},"98":{"start":{"line":298,"column":0},"end":{"line":303,"column":3}},"99":{"start":{"line":305,"column":0},"end":{"line":310,"column":3}},"100":{"start":{"line":312,"column":0},"end":{"line":317,"column":3}},"101":{"start":{"line":319,"column":0},"end":{"line":324,"column":3}},"102":{"start":{"line":326,"column":0},"end":{"line":347,"column":3}},"103":{"start":{"line":331,"column":24},"end":{"line":331,"column":52}},"104":{"start":{"line":333,"column":8},"end":{"line":345,"column":9}},"105":{"start":{"line":335,"column":27},"end":{"line":335,"column":77}},"106":{"start":{"line":336,"column":27},"end":{"line":336,"column":59}},"107":{"start":{"line":338,"column":16},"end":{"line":338,"column":41}},"108":{"start":{"line":340,"column":16},"end":{"line":340,"column":22}},"109":{"start":{"line":343,"column":16},"end":{"line":343,"column":49}},"110":{"start":{"line":349,"column":0},"end":{"line":378,"column":3}},"111":{"start":{"line":354,"column":24},"end":{"line":354,"column":52}},"112":{"start":{"line":356,"column":23},"end":{"line":356,"column":25}},"113":{"start":{"line":358,"column":8},"end":{"line":372,"column":9}},"114":{"start":{"line":360,"column":33},"end":{"line":360,"column":86}},"115":{"start":{"line":362,"column":16},"end":{"line":365,"column":17}},"116":{"start":{"line":363,"column":31},"end":{"line":363,"column":63}},"117":{"start":{"line":364,"column":20},"end":{"line":364,"column":36}},"118":{"start":{"line":367,"column":16},"end":{"line":367,"column":22}},"119":{"start":{"line":370,"column":16},"end":{"line":370,"column":49}},"120":{"start":{"line":374,"column":8},"end":{"line":376,"column":11}},"121":{"start":{"line":375,"column":12},"end":{"line":375,"column":37}},"122":{"start":{"line":380,"column":0},"end":{"line":400,"column":3}},"123":{"start":{"line":385,"column":24},"end":{"line":385,"column":52}},"124":{"start":{"line":386,"column":24},"end":{"line":386,"column":54}},"125":{"start":{"line":388,"column":8},"end":{"line":398,"column":9}},"126":{"start":{"line":390,"column":27},"end":{"line":390,"column":55}},"127":{"start":{"line":391,"column":27},"end":{"line":391,"column":59}},"128":{"start":{"line":393,"column":16},"end":{"line":393,"column":41}},"129":{"start":{"line":396,"column":16},"end":{"line":396,"column":49}},"130":{"start":{"line":402,"column":0},"end":{"line":432,"column":3}},"131":{"start":{"line":407,"column":24},"end":{"line":407,"column":52}},"132":{"start":{"line":408,"column":24},"end":{"line":408,"column":54}},"133":{"start":{"line":410,"column":23},"end":{"line":410,"column":25}},"134":{"start":{"line":412,"column":8},"end":{"line":426,"column":9}},"135":{"start":{"line":414,"column":33},"end":{"line":414,"column":64}},"136":{"start":{"line":416,"column":16},"end":{"line":419,"column":17}},"137":{"start":{"line":417,"column":31},"end":{"line":417,"column":63}},"138":{"start":{"line":418,"column":20},"end":{"line":418,"column":36}},"139":{"start":{"line":421,"column":16},"end":{"line":421,"column":22}},"140":{"start":{"line":424,"column":16},"end":{"line":424,"column":49}},"141":{"start":{"line":428,"column":8},"end":{"line":430,"column":11}},"142":{"start":{"line":429,"column":12},"end":{"line":429,"column":37}},"143":{"start":{"line":434,"column":0},"end":{"line":442,"column":3}},"144":{"start":{"line":439,"column":24},"end":{"line":439,"column":52}},"145":{"start":{"line":440,"column":24},"end":{"line":440,"column":54}},"146":{"start":{"line":444,"column":0},"end":{"line":452,"column":3}},"147":{"start":{"line":449,"column":24},"end":{"line":449,"column":52}},"148":{"start":{"line":450,"column":24},"end":{"line":450,"column":54}},"149":{"start":{"line":454,"column":0},"end":{"line":462,"column":3}},"150":{"start":{"line":459,"column":24},"end":{"line":459,"column":52}},"151":{"start":{"line":460,"column":24},"end":{"line":460,"column":54}},"152":{"start":{"line":464,"column":0},"end":{"line":472,"column":3}},"153":{"start":{"line":469,"column":24},"end":{"line":469,"column":52}},"154":{"start":{"line":470,"column":24},"end":{"line":470,"column":54}},"155":{"start":{"line":474,"column":0},"end":{"line":485,"column":3}},"156":{"start":{"line":479,"column":24},"end":{"line":479,"column":52}},"157":{"start":{"line":480,"column":24},"end":{"line":480,"column":54}},"158":{"start":{"line":481,"column":23},"end":{"line":481,"column":69}},"159":{"start":{"line":483,"column":8},"end":{"line":483,"column":37}},"160":{"start":{"line":487,"column":0},"end":{"line":497,"column":3}},"161":{"start":{"line":492,"column":24},"end":{"line":492,"column":52}},"162":{"start":{"line":493,"column":24},"end":{"line":493,"column":54}},"163":{"start":{"line":495,"column":8},"end":{"line":495,"column":33}},"164":{"start":{"line":499,"column":0},"end":{"line":509,"column":3}},"165":{"start":{"line":504,"column":24},"end":{"line":504,"column":52}},"166":{"start":{"line":505,"column":24},"end":{"line":505,"column":54}},"167":{"start":{"line":507,"column":8},"end":{"line":507,"column":31}},"168":{"start":{"line":511,"column":0},"end":{"line":519,"column":3}},"169":{"start":{"line":516,"column":24},"end":{"line":516,"column":52}},"170":{"start":{"line":517,"column":24},"end":{"line":517,"column":54}},"171":{"start":{"line":521,"column":0},"end":{"line":529,"column":3}},"172":{"start":{"line":526,"column":24},"end":{"line":526,"column":52}},"173":{"start":{"line":527,"column":24},"end":{"line":527,"column":54}},"174":{"start":{"line":531,"column":0},"end":{"line":539,"column":3}},"175":{"start":{"line":536,"column":24},"end":{"line":536,"column":52}},"176":{"start":{"line":537,"column":24},"end":{"line":537,"column":54}},"177":{"start":{"line":541,"column":0},"end":{"line":549,"column":3}},"178":{"start":{"line":546,"column":24},"end":{"line":546,"column":52}},"179":{"start":{"line":547,"column":24},"end":{"line":547,"column":54}},"180":{"start":{"line":551,"column":0},"end":{"line":559,"column":3}},"181":{"start":{"line":556,"column":24},"end":{"line":556,"column":52}},"182":{"start":{"line":557,"column":24},"end":{"line":557,"column":54}},"183":{"start":{"line":561,"column":0},"end":{"line":566,"column":3}},"184":{"start":{"line":568,"column":0},"end":{"line":573,"column":3}},"185":{"start":{"line":575,"column":0},"end":{"line":580,"column":3}},"186":{"start":{"line":582,"column":0},"end":{"line":596,"column":3}},"187":{"start":{"line":587,"column":24},"end":{"line":587,"column":52}},"188":{"start":{"line":588,"column":27},"end":{"line":588,"column":61}},"189":{"start":{"line":589,"column":24},"end":{"line":589,"column":68}},"190":{"start":{"line":591,"column":8},"end":{"line":594,"column":11}},"191":{"start":{"line":592,"column":89},"end":{"line":592,"column":95}},"192":{"start":{"line":593,"column":12},"end":{"line":593,"column":75}},"193":{"start":{"line":598,"column":0},"end":{"line":613,"column":3}},"194":{"start":{"line":603,"column":24},"end":{"line":603,"column":52}},"195":{"start":{"line":604,"column":27},"end":{"line":604,"column":61}},"196":{"start":{"line":605,"column":24},"end":{"line":605,"column":68}},"197":{"start":{"line":606,"column":23},"end":{"line":606,"column":63}},"198":{"start":{"line":606,"column":41},"end":{"line":606,"column":62}},"199":{"start":{"line":608,"column":8},"end":{"line":608,"column":115}},"200":{"start":{"line":608,"column":21},"end":{"line":608,"column":115}},"201":{"start":{"line":610,"column":85},"end":{"line":610,"column":91}},"202":{"start":{"line":611,"column":8},"end":{"line":611,"column":71}},"203":{"start":{"line":615,"column":0},"end":{"line":637,"column":3}},"204":{"start":{"line":620,"column":24},"end":{"line":620,"column":52}},"205":{"start":{"line":621,"column":58},"end":{"line":621,"column":87}},"206":{"start":{"line":622,"column":94},"end":{"line":622,"column":100}},"207":{"start":{"line":624,"column":8},"end":{"line":635,"column":10}},"208":{"start":{"line":639,"column":0},"end":{"line":652,"column":3}},"209":{"start":{"line":644,"column":24},"end":{"line":644,"column":52}},"210":{"start":{"line":645,"column":27},"end":{"line":645,"column":61}},"211":{"start":{"line":646,"column":24},"end":{"line":646,"column":60}},"212":{"start":{"line":647,"column":23},"end":{"line":647,"column":56}},"213":{"start":{"line":647,"column":41},"end":{"line":647,"column":55}},"214":{"start":{"line":649,"column":8},"end":{"line":649,"column":29}},"215":{"start":{"line":650,"column":8},"end":{"line":650,"column":28}},"216":{"start":{"line":654,"column":0},"end":{"line":668,"column":3}},"217":{"start":{"line":659,"column":24},"end":{"line":659,"column":52}},"218":{"start":{"line":660,"column":27},"end":{"line":660,"column":61}},"219":{"start":{"line":661,"column":24},"end":{"line":661,"column":60}},"220":{"start":{"line":663,"column":8},"end":{"line":666,"column":9}},"221":{"start":{"line":664,"column":12},"end":{"line":664,"column":33}},"222":{"start":{"line":665,"column":12},"end":{"line":665,"column":32}},"223":{"start":{"line":670,"column":0},"end":{"line":675,"column":3}},"224":{"start":{"line":677,"column":0},"end":{"line":682,"column":3}},"225":{"start":{"line":684,"column":0},"end":{"line":689,"column":3}},"226":{"start":{"line":691,"column":0},"end":{"line":696,"column":3}},"227":{"start":{"line":698,"column":0},"end":{"line":703,"column":3}},"228":{"start":{"line":705,"column":0},"end":{"line":710,"column":3}},"229":{"start":{"line":712,"column":0},"end":{"line":717,"column":3}},"230":{"start":{"line":719,"column":0},"end":{"line":724,"column":3}},"231":{"start":{"line":726,"column":20},"end":{"line":730,"column":1}},"232":{"start":{"line":727,"column":4},"end":{"line":729,"column":7}},"233":{"start":{"line":728,"column":8},"end":{"line":728,"column":69}},"234":{"start":{"line":732,"column":0},"end":{"line":732,"column":33}}},"fnMap":{"0":{"name":"(anonymous_0)","decl":{"start":{"line":16,"column":16},"end":{"line":16,"column":17}},"loc":{"start":{"line":16,"column":33},"end":{"line":58,"column":1}},"line":16},"1":{"name":"(anonymous_1)","decl":{"start":{"line":16,"column":33},"end":{"line":16,"column":34}},"loc":{"start":{"line":16,"column":65},"end":{"line":58,"column":1}},"line":16},"2":{"name":"(anonymous_2)","decl":{"start":{"line":17,"column":38},"end":{"line":17,"column":39}},"loc":{"start":{"line":17,"column":49},"end":{"line":17,"column":77}},"line":17},"3":{"name":"(anonymous_3)","decl":{"start":{"line":19,"column":22},"end":{"line":19,"column":23}},"loc":{"start":{"line":19,"column":42},"end":{"line":57,"column":5}},"line":19},"4":{"name":"(anonymous_4)","decl":{"start":{"line":21,"column":20},"end":{"line":21,"column":21}},"loc":{"start":{"line":21,"column":37},"end":{"line":21,"column":105}},"line":21},"5":{"name":"(anonymous_5)","decl":{"start":{"line":74,"column":4},"end":{"line":74,"column":5}},"loc":{"start":{"line":74,"column":27},"end":{"line":74,"column":29}},"line":74},"6":{"name":"(anonymous_6)","decl":{"start":{"line":75,"column":4},"end":{"line":75,"column":5}},"loc":{"start":{"line":75,"column":25},"end":{"line":80,"column":5}},"line":75},"7":{"name":"(anonymous_7)","decl":{"start":{"line":86,"column":4},"end":{"line":86,"column":5}},"loc":{"start":{"line":86,"column":27},"end":{"line":86,"column":29}},"line":86},"8":{"name":"(anonymous_8)","decl":{"start":{"line":87,"column":4},"end":{"line":87,"column":5}},"loc":{"start":{"line":87,"column":25},"end":{"line":127,"column":5}},"line":87},"9":{"name":"(anonymous_9)","decl":{"start":{"line":99,"column":12},"end":{"line":99,"column":13}},"loc":{"start":{"line":99,"column":27},"end":{"line":105,"column":13}},"line":99},"10":{"name":"(anonymous_10)","decl":{"start":{"line":106,"column":12},"end":{"line":106,"column":13}},"loc":{"start":{"line":106,"column":42},"end":{"line":121,"column":13}},"line":106},"11":{"name":"(anonymous_11)","decl":{"start":{"line":133,"column":4},"end":{"line":133,"column":5}},"loc":{"start":{"line":133,"column":27},"end":{"line":133,"column":29}},"line":133},"12":{"name":"(anonymous_12)","decl":{"start":{"line":134,"column":4},"end":{"line":134,"column":5}},"loc":{"start":{"line":134,"column":33},"end":{"line":139,"column":5}},"line":134},"13":{"name":"(anonymous_13)","decl":{"start":{"line":145,"column":4},"end":{"line":145,"column":5}},"loc":{"start":{"line":145,"column":27},"end":{"line":147,"column":5}},"line":145},"14":{"name":"(anonymous_14)","decl":{"start":{"line":148,"column":4},"end":{"line":148,"column":5}},"loc":{"start":{"line":148,"column":25},"end":{"line":148,"column":27}},"line":148},"15":{"name":"(anonymous_15)","decl":{"start":{"line":154,"column":4},"end":{"line":154,"column":5}},"loc":{"start":{"line":154,"column":27},"end":{"line":156,"column":5}},"line":154},"16":{"name":"(anonymous_16)","decl":{"start":{"line":157,"column":4},"end":{"line":157,"column":5}},"loc":{"start":{"line":157,"column":25},"end":{"line":157,"column":27}},"line":157},"17":{"name":"(anonymous_17)","decl":{"start":{"line":163,"column":4},"end":{"line":163,"column":5}},"loc":{"start":{"line":163,"column":27},"end":{"line":163,"column":29}},"line":163},"18":{"name":"handle","decl":{"start":{"line":164,"column":27},"end":{"line":164,"column":33}},"loc":{"start":{"line":164,"column":59},"end":{"line":181,"column":5}},"line":164},"19":{"name":"(anonymous_19)","decl":{"start":{"line":180,"column":49},"end":{"line":180,"column":50}},"loc":{"start":{"line":180,"column":65},"end":{"line":180,"column":67}},"line":180},"20":{"name":"(anonymous_20)","decl":{"start":{"line":187,"column":4},"end":{"line":187,"column":5}},"loc":{"start":{"line":187,"column":27},"end":{"line":187,"column":29}},"line":187},"21":{"name":"(anonymous_21)","decl":{"start":{"line":188,"column":4},"end":{"line":188,"column":5}},"loc":{"start":{"line":188,"column":33},"end":{"line":192,"column":5}},"line":188},"22":{"name":"(anonymous_22)","decl":{"start":{"line":198,"column":4},"end":{"line":198,"column":5}},"loc":{"start":{"line":198,"column":27},"end":{"line":198,"column":29}},"line":198},"23":{"name":"(anonymous_23)","decl":{"start":{"line":199,"column":4},"end":{"line":199,"column":5}},"loc":{"start":{"line":199,"column":25},"end":{"line":201,"column":5}},"line":199},"24":{"name":"(anonymous_24)","decl":{"start":{"line":207,"column":4},"end":{"line":207,"column":5}},"loc":{"start":{"line":207,"column":27},"end":{"line":207,"column":29}},"line":207},"25":{"name":"(anonymous_25)","decl":{"start":{"line":208,"column":4},"end":{"line":208,"column":5}},"loc":{"start":{"line":208,"column":25},"end":{"line":210,"column":5}},"line":208},"26":{"name":"(anonymous_26)","decl":{"start":{"line":216,"column":4},"end":{"line":216,"column":5}},"loc":{"start":{"line":216,"column":27},"end":{"line":216,"column":29}},"line":216},"27":{"name":"(anonymous_27)","decl":{"start":{"line":217,"column":4},"end":{"line":217,"column":5}},"loc":{"start":{"line":217,"column":39},"end":{"line":231,"column":5}},"line":217},"28":{"name":"(anonymous_28)","decl":{"start":{"line":237,"column":4},"end":{"line":237,"column":5}},"loc":{"start":{"line":237,"column":27},"end":{"line":237,"column":29}},"line":237},"29":{"name":"(anonymous_29)","decl":{"start":{"line":238,"column":4},"end":{"line":238,"column":5}},"loc":{"start":{"line":238,"column":33},"end":{"line":242,"column":5}},"line":238},"30":{"name":"(anonymous_30)","decl":{"start":{"line":248,"column":4},"end":{"line":248,"column":5}},"loc":{"start":{"line":248,"column":27},"end":{"line":248,"column":29}},"line":248},"31":{"name":"(anonymous_31)","decl":{"start":{"line":249,"column":4},"end":{"line":249,"column":5}},"loc":{"start":{"line":249,"column":25},"end":{"line":249,"column":27}},"line":249},"32":{"name":"(anonymous_32)","decl":{"start":{"line":255,"column":4},"end":{"line":255,"column":5}},"loc":{"start":{"line":255,"column":27},"end":{"line":255,"column":29}},"line":255},"33":{"name":"(anonymous_33)","decl":{"start":{"line":256,"column":4},"end":{"line":256,"column":5}},"loc":{"start":{"line":256,"column":33},"end":{"line":260,"column":5}},"line":256},"34":{"name":"(anonymous_34)","decl":{"start":{"line":266,"column":4},"end":{"line":266,"column":5}},"loc":{"start":{"line":266,"column":27},"end":{"line":266,"column":29}},"line":266},"35":{"name":"(anonymous_35)","decl":{"start":{"line":267,"column":4},"end":{"line":267,"column":5}},"loc":{"start":{"line":267,"column":25},"end":{"line":267,"column":27}},"line":267},"36":{"name":"(anonymous_36)","decl":{"start":{"line":273,"column":4},"end":{"line":273,"column":5}},"loc":{"start":{"line":273,"column":27},"end":{"line":273,"column":29}},"line":273},"37":{"name":"(anonymous_37)","decl":{"start":{"line":274,"column":4},"end":{"line":274,"column":5}},"loc":{"start":{"line":274,"column":25},"end":{"line":274,"column":27}},"line":274},"38":{"name":"(anonymous_38)","decl":{"start":{"line":280,"column":4},"end":{"line":280,"column":5}},"loc":{"start":{"line":280,"column":27},"end":{"line":280,"column":29}},"line":280},"39":{"name":"(anonymous_39)","decl":{"start":{"line":281,"column":4},"end":{"line":281,"column":5}},"loc":{"start":{"line":281,"column":25},"end":{"line":281,"column":27}},"line":281},"40":{"name":"(anonymous_40)","decl":{"start":{"line":287,"column":4},"end":{"line":287,"column":5}},"loc":{"start":{"line":287,"column":27},"end":{"line":287,"column":29}},"line":287},"41":{"name":"(anonymous_41)","decl":{"start":{"line":288,"column":4},"end":{"line":288,"column":5}},"loc":{"start":{"line":288,"column":25},"end":{"line":288,"column":27}},"line":288},"42":{"name":"(anonymous_42)","decl":{"start":{"line":294,"column":4},"end":{"line":294,"column":5}},"loc":{"start":{"line":294,"column":27},"end":{"line":294,"column":29}},"line":294},"43":{"name":"(anonymous_43)","decl":{"start":{"line":295,"column":4},"end":{"line":295,"column":5}},"loc":{"start":{"line":295,"column":25},"end":{"line":295,"column":27}},"line":295},"44":{"name":"(anonymous_44)","decl":{"start":{"line":301,"column":4},"end":{"line":301,"column":5}},"loc":{"start":{"line":301,"column":27},"end":{"line":301,"column":29}},"line":301},"45":{"name":"(anonymous_45)","decl":{"start":{"line":302,"column":4},"end":{"line":302,"column":5}},"loc":{"start":{"line":302,"column":25},"end":{"line":302,"column":27}},"line":302},"46":{"name":"(anonymous_46)","decl":{"start":{"line":308,"column":4},"end":{"line":308,"column":5}},"loc":{"start":{"line":308,"column":27},"end":{"line":308,"column":29}},"line":308},"47":{"name":"(anonymous_47)","decl":{"start":{"line":309,"column":4},"end":{"line":309,"column":5}},"loc":{"start":{"line":309,"column":25},"end":{"line":309,"column":27}},"line":309},"48":{"name":"(anonymous_48)","decl":{"start":{"line":315,"column":4},"end":{"line":315,"column":5}},"loc":{"start":{"line":315,"column":27},"end":{"line":315,"column":29}},"line":315},"49":{"name":"(anonymous_49)","decl":{"start":{"line":316,"column":4},"end":{"line":316,"column":5}},"loc":{"start":{"line":316,"column":25},"end":{"line":316,"column":27}},"line":316},"50":{"name":"(anonymous_50)","decl":{"start":{"line":322,"column":4},"end":{"line":322,"column":5}},"loc":{"start":{"line":322,"column":27},"end":{"line":322,"column":29}},"line":322},"51":{"name":"(anonymous_51)","decl":{"start":{"line":323,"column":4},"end":{"line":323,"column":5}},"loc":{"start":{"line":323,"column":25},"end":{"line":323,"column":27}},"line":323},"52":{"name":"(anonymous_52)","decl":{"start":{"line":329,"column":4},"end":{"line":329,"column":5}},"loc":{"start":{"line":329,"column":27},"end":{"line":329,"column":29}},"line":329},"53":{"name":"(anonymous_53)","decl":{"start":{"line":330,"column":4},"end":{"line":330,"column":5}},"loc":{"start":{"line":330,"column":33},"end":{"line":346,"column":5}},"line":330},"54":{"name":"(anonymous_54)","decl":{"start":{"line":352,"column":4},"end":{"line":352,"column":5}},"loc":{"start":{"line":352,"column":27},"end":{"line":352,"column":29}},"line":352},"55":{"name":"(anonymous_55)","decl":{"start":{"line":353,"column":4},"end":{"line":353,"column":5}},"loc":{"start":{"line":353,"column":45},"end":{"line":377,"column":5}},"line":353},"56":{"name":"(anonymous_56)","decl":{"start":{"line":374,"column":26},"end":{"line":374,"column":27}},"loc":{"start":{"line":374,"column":32},"end":{"line":376,"column":9}},"line":374},"57":{"name":"(anonymous_57)","decl":{"start":{"line":383,"column":4},"end":{"line":383,"column":5}},"loc":{"start":{"line":383,"column":27},"end":{"line":383,"column":29}},"line":383},"58":{"name":"(anonymous_58)","decl":{"start":{"line":384,"column":4},"end":{"line":384,"column":5}},"loc":{"start":{"line":384,"column":57},"end":{"line":399,"column":5}},"line":384},"59":{"name":"(anonymous_59)","decl":{"start":{"line":405,"column":4},"end":{"line":405,"column":5}},"loc":{"start":{"line":405,"column":27},"end":{"line":405,"column":29}},"line":405},"60":{"name":"(anonymous_60)","decl":{"start":{"line":406,"column":4},"end":{"line":406,"column":5}},"loc":{"start":{"line":406,"column":57},"end":{"line":431,"column":5}},"line":406},"61":{"name":"(anonymous_61)","decl":{"start":{"line":428,"column":26},"end":{"line":428,"column":27}},"loc":{"start":{"line":428,"column":32},"end":{"line":430,"column":9}},"line":428},"62":{"name":"(anonymous_62)","decl":{"start":{"line":437,"column":4},"end":{"line":437,"column":5}},"loc":{"start":{"line":437,"column":27},"end":{"line":437,"column":29}},"line":437},"63":{"name":"(anonymous_63)","decl":{"start":{"line":438,"column":4},"end":{"line":438,"column":5}},"loc":{"start":{"line":438,"column":45},"end":{"line":441,"column":5}},"line":438},"64":{"name":"(anonymous_64)","decl":{"start":{"line":447,"column":4},"end":{"line":447,"column":5}},"loc":{"start":{"line":447,"column":27},"end":{"line":447,"column":29}},"line":447},"65":{"name":"(anonymous_65)","decl":{"start":{"line":448,"column":4},"end":{"line":448,"column":5}},"loc":{"start":{"line":448,"column":45},"end":{"line":451,"column":5}},"line":448},"66":{"name":"(anonymous_66)","decl":{"start":{"line":457,"column":4},"end":{"line":457,"column":5}},"loc":{"start":{"line":457,"column":27},"end":{"line":457,"column":29}},"line":457},"67":{"name":"(anonymous_67)","decl":{"start":{"line":458,"column":4},"end":{"line":458,"column":5}},"loc":{"start":{"line":458,"column":45},"end":{"line":461,"column":5}},"line":458},"68":{"name":"(anonymous_68)","decl":{"start":{"line":467,"column":4},"end":{"line":467,"column":5}},"loc":{"start":{"line":467,"column":27},"end":{"line":467,"column":29}},"line":467},"69":{"name":"(anonymous_69)","decl":{"start":{"line":468,"column":4},"end":{"line":468,"column":5}},"loc":{"start":{"line":468,"column":45},"end":{"line":471,"column":5}},"line":468},"70":{"name":"(anonymous_70)","decl":{"start":{"line":477,"column":4},"end":{"line":477,"column":5}},"loc":{"start":{"line":477,"column":27},"end":{"line":477,"column":29}},"line":477},"71":{"name":"(anonymous_71)","decl":{"start":{"line":478,"column":4},"end":{"line":478,"column":5}},"loc":{"start":{"line":478,"column":60},"end":{"line":484,"column":5}},"line":478},"72":{"name":"(anonymous_72)","decl":{"start":{"line":490,"column":4},"end":{"line":490,"column":5}},"loc":{"start":{"line":490,"column":27},"end":{"line":490,"column":29}},"line":490},"73":{"name":"(anonymous_73)","decl":{"start":{"line":491,"column":4},"end":{"line":491,"column":5}},"loc":{"start":{"line":491,"column":45},"end":{"line":496,"column":5}},"line":491},"74":{"name":"(anonymous_74)","decl":{"start":{"line":502,"column":4},"end":{"line":502,"column":5}},"loc":{"start":{"line":502,"column":27},"end":{"line":502,"column":29}},"line":502},"75":{"name":"(anonymous_75)","decl":{"start":{"line":503,"column":4},"end":{"line":503,"column":5}},"loc":{"start":{"line":503,"column":45},"end":{"line":508,"column":5}},"line":503},"76":{"name":"(anonymous_76)","decl":{"start":{"line":514,"column":4},"end":{"line":514,"column":5}},"loc":{"start":{"line":514,"column":27},"end":{"line":514,"column":29}},"line":514},"77":{"name":"(anonymous_77)","decl":{"start":{"line":515,"column":4},"end":{"line":515,"column":5}},"loc":{"start":{"line":515,"column":45},"end":{"line":518,"column":5}},"line":515},"78":{"name":"(anonymous_78)","decl":{"start":{"line":524,"column":4},"end":{"line":524,"column":5}},"loc":{"start":{"line":524,"column":27},"end":{"line":524,"column":29}},"line":524},"79":{"name":"(anonymous_79)","decl":{"start":{"line":525,"column":4},"end":{"line":525,"column":5}},"loc":{"start":{"line":525,"column":45},"end":{"line":528,"column":5}},"line":525},"80":{"name":"(anonymous_80)","decl":{"start":{"line":534,"column":4},"end":{"line":534,"column":5}},"loc":{"start":{"line":534,"column":27},"end":{"line":534,"column":29}},"line":534},"81":{"name":"(anonymous_81)","decl":{"start":{"line":535,"column":4},"end":{"line":535,"column":5}},"loc":{"start":{"line":535,"column":45},"end":{"line":538,"column":5}},"line":535},"82":{"name":"(anonymous_82)","decl":{"start":{"line":544,"column":4},"end":{"line":544,"column":5}},"loc":{"start":{"line":544,"column":27},"end":{"line":544,"column":29}},"line":544},"83":{"name":"(anonymous_83)","decl":{"start":{"line":545,"column":4},"end":{"line":545,"column":5}},"loc":{"start":{"line":545,"column":45},"end":{"line":548,"column":5}},"line":545},"84":{"name":"(anonymous_84)","decl":{"start":{"line":554,"column":4},"end":{"line":554,"column":5}},"loc":{"start":{"line":554,"column":27},"end":{"line":554,"column":29}},"line":554},"85":{"name":"(anonymous_85)","decl":{"start":{"line":555,"column":4},"end":{"line":555,"column":5}},"loc":{"start":{"line":555,"column":45},"end":{"line":558,"column":5}},"line":555},"86":{"name":"(anonymous_86)","decl":{"start":{"line":564,"column":4},"end":{"line":564,"column":5}},"loc":{"start":{"line":564,"column":27},"end":{"line":564,"column":29}},"line":564},"87":{"name":"(anonymous_87)","decl":{"start":{"line":565,"column":4},"end":{"line":565,"column":5}},"loc":{"start":{"line":565,"column":25},"end":{"line":565,"column":27}},"line":565},"88":{"name":"(anonymous_88)","decl":{"start":{"line":571,"column":4},"end":{"line":571,"column":5}},"loc":{"start":{"line":571,"column":27},"end":{"line":571,"column":29}},"line":571},"89":{"name":"(anonymous_89)","decl":{"start":{"line":572,"column":4},"end":{"line":572,"column":5}},"loc":{"start":{"line":572,"column":25},"end":{"line":572,"column":27}},"line":572},"90":{"name":"(anonymous_90)","decl":{"start":{"line":578,"column":4},"end":{"line":578,"column":5}},"loc":{"start":{"line":578,"column":27},"end":{"line":578,"column":29}},"line":578},"91":{"name":"(anonymous_91)","decl":{"start":{"line":579,"column":4},"end":{"line":579,"column":5}},"loc":{"start":{"line":579,"column":25},"end":{"line":579,"column":27}},"line":579},"92":{"name":"(anonymous_92)","decl":{"start":{"line":585,"column":4},"end":{"line":585,"column":5}},"loc":{"start":{"line":585,"column":27},"end":{"line":585,"column":29}},"line":585},"93":{"name":"(anonymous_93)","decl":{"start":{"line":586,"column":4},"end":{"line":586,"column":5}},"loc":{"start":{"line":586,"column":39},"end":{"line":595,"column":5}},"line":586},"94":{"name":"(anonymous_94)","decl":{"start":{"line":591,"column":27},"end":{"line":591,"column":28}},"loc":{"start":{"line":591,"column":37},"end":{"line":594,"column":9}},"line":591},"95":{"name":"(anonymous_95)","decl":{"start":{"line":601,"column":4},"end":{"line":601,"column":5}},"loc":{"start":{"line":601,"column":27},"end":{"line":601,"column":29}},"line":601},"96":{"name":"(anonymous_96)","decl":{"start":{"line":602,"column":4},"end":{"line":602,"column":5}},"loc":{"start":{"line":602,"column":52},"end":{"line":612,"column":5}},"line":602},"97":{"name":"(anonymous_97)","decl":{"start":{"line":606,"column":36},"end":{"line":606,"column":37}},"loc":{"start":{"line":606,"column":41},"end":{"line":606,"column":62}},"line":606},"98":{"name":"(anonymous_98)","decl":{"start":{"line":618,"column":4},"end":{"line":618,"column":5}},"loc":{"start":{"line":618,"column":27},"end":{"line":618,"column":29}},"line":618},"99":{"name":"(anonymous_99)","decl":{"start":{"line":619,"column":4},"end":{"line":619,"column":5}},"loc":{"start":{"line":619,"column":39},"end":{"line":636,"column":5}},"line":619},"100":{"name":"(anonymous_100)","decl":{"start":{"line":642,"column":4},"end":{"line":642,"column":5}},"loc":{"start":{"line":642,"column":27},"end":{"line":642,"column":29}},"line":642},"101":{"name":"(anonymous_101)","decl":{"start":{"line":643,"column":4},"end":{"line":643,"column":5}},"loc":{"start":{"line":643,"column":39},"end":{"line":651,"column":5}},"line":643},"102":{"name":"(anonymous_102)","decl":{"start":{"line":647,"column":36},"end":{"line":647,"column":37}},"loc":{"start":{"line":647,"column":41},"end":{"line":647,"column":55}},"line":647},"103":{"name":"(anonymous_103)","decl":{"start":{"line":657,"column":4},"end":{"line":657,"column":5}},"loc":{"start":{"line":657,"column":27},"end":{"line":657,"column":29}},"line":657},"104":{"name":"(anonymous_104)","decl":{"start":{"line":658,"column":4},"end":{"line":658,"column":5}},"loc":{"start":{"line":658,"column":33},"end":{"line":667,"column":5}},"line":658},"105":{"name":"(anonymous_105)","decl":{"start":{"line":673,"column":4},"end":{"line":673,"column":5}},"loc":{"start":{"line":673,"column":27},"end":{"line":673,"column":29}},"line":673},"106":{"name":"(anonymous_106)","decl":{"start":{"line":674,"column":4},"end":{"line":674,"column":5}},"loc":{"start":{"line":674,"column":25},"end":{"line":674,"column":27}},"line":674},"107":{"name":"(anonymous_107)","decl":{"start":{"line":680,"column":4},"end":{"line":680,"column":5}},"loc":{"start":{"line":680,"column":27},"end":{"line":680,"column":29}},"line":680},"108":{"name":"(anonymous_108)","decl":{"start":{"line":681,"column":4},"end":{"line":681,"column":5}},"loc":{"start":{"line":681,"column":25},"end":{"line":681,"column":27}},"line":681},"109":{"name":"(anonymous_109)","decl":{"start":{"line":687,"column":4},"end":{"line":687,"column":5}},"loc":{"start":{"line":687,"column":27},"end":{"line":687,"column":29}},"line":687},"110":{"name":"(anonymous_110)","decl":{"start":{"line":688,"column":4},"end":{"line":688,"column":5}},"loc":{"start":{"line":688,"column":25},"end":{"line":688,"column":27}},"line":688},"111":{"name":"(anonymous_111)","decl":{"start":{"line":694,"column":4},"end":{"line":694,"column":5}},"loc":{"start":{"line":694,"column":27},"end":{"line":694,"column":29}},"line":694},"112":{"name":"(anonymous_112)","decl":{"start":{"line":695,"column":4},"end":{"line":695,"column":5}},"loc":{"start":{"line":695,"column":25},"end":{"line":695,"column":27}},"line":695},"113":{"name":"(anonymous_113)","decl":{"start":{"line":701,"column":4},"end":{"line":701,"column":5}},"loc":{"start":{"line":701,"column":27},"end":{"line":701,"column":29}},"line":701},"114":{"name":"(anonymous_114)","decl":{"start":{"line":702,"column":4},"end":{"line":702,"column":5}},"loc":{"start":{"line":702,"column":25},"end":{"line":702,"column":27}},"line":702},"115":{"name":"(anonymous_115)","decl":{"start":{"line":708,"column":4},"end":{"line":708,"column":5}},"loc":{"start":{"line":708,"column":27},"end":{"line":708,"column":29}},"line":708},"116":{"name":"(anonymous_116)","decl":{"start":{"line":709,"column":4},"end":{"line":709,"column":5}},"loc":{"start":{"line":709,"column":25},"end":{"line":709,"column":27}},"line":709},"117":{"name":"(anonymous_117)","decl":{"start":{"line":715,"column":4},"end":{"line":715,"column":5}},"loc":{"start":{"line":715,"column":27},"end":{"line":715,"column":29}},"line":715},"118":{"name":"(anonymous_118)","decl":{"start":{"line":716,"column":4},"end":{"line":716,"column":5}},"loc":{"start":{"line":716,"column":25},"end":{"line":716,"column":27}},"line":716},"119":{"name":"(anonymous_119)","decl":{"start":{"line":722,"column":4},"end":{"line":722,"column":5}},"loc":{"start":{"line":722,"column":27},"end":{"line":722,"column":29}},"line":722},"120":{"name":"(anonymous_120)","decl":{"start":{"line":723,"column":4},"end":{"line":723,"column":5}},"loc":{"start":{"line":723,"column":25},"end":{"line":723,"column":27}},"line":723},"121":{"name":"(anonymous_121)","decl":{"start":{"line":726,"column":20},"end":{"line":726,"column":21}},"loc":{"start":{"line":726,"column":28},"end":{"line":730,"column":1}},"line":726},"122":{"name":"(anonymous_122)","decl":{"start":{"line":727,"column":21},"end":{"line":727,"column":22}},"loc":{"start":{"line":727,"column":32},"end":{"line":729,"column":5}},"line":727}},"branchMap":{"0":{"loc":{"start":{"line":29,"column":8},"end":{"line":39,"column":9}},"type":"if","locations":[{"start":{"line":29,"column":8},"end":{"line":39,"column":9}},{"start":{"line":29,"column":8},"end":{"line":39,"column":9}}],"line":29},"1":{"loc":{"start":{"line":31,"column":16},"end":{"line":31,"column":28}},"type":"default-arg","locations":[{"start":{"line":31,"column":25},"end":{"line":31,"column":28}}],"line":31},"2":{"loc":{"start":{"line":32,"column":16},"end":{"line":32,"column":46}},"type":"default-arg","locations":[{"start":{"line":32,"column":23},"end":{"line":32,"column":46}}],"line":32},"3":{"loc":{"start":{"line":33,"column":16},"end":{"line":33,"column":63}},"type":"default-arg","locations":[{"start":{"line":33,"column":26},"end":{"line":33,"column":63}}],"line":33},"4":{"loc":{"start":{"line":48,"column":16},"end":{"line":48,"column":28}},"type":"default-arg","locations":[{"start":{"line":48,"column":25},"end":{"line":48,"column":28}}],"line":48},"5":{"loc":{"start":{"line":49,"column":16},"end":{"line":49,"column":38}},"type":"default-arg","locations":[{"start":{"line":49,"column":23},"end":{"line":49,"column":38}}],"line":49},"6":{"loc":{"start":{"line":50,"column":16},"end":{"line":50,"column":74}},"type":"default-arg","locations":[{"start":{"line":50,"column":26},"end":{"line":50,"column":74}}],"line":50},"7":{"loc":{"start":{"line":102,"column":16},"end":{"line":104,"column":17}},"type":"if","locations":[{"start":{"line":102,"column":16},"end":{"line":104,"column":17}},{"start":{"line":102,"column":16},"end":{"line":104,"column":17}}],"line":102},"8":{"loc":{"start":{"line":114,"column":16},"end":{"line":118,"column":17}},"type":"if","locations":[{"start":{"line":114,"column":16},"end":{"line":118,"column":17}},{"start":{"line":114,"column":16},"end":{"line":118,"column":17}}],"line":114},"9":{"loc":{"start":{"line":167,"column":8},"end":{"line":170,"column":9}},"type":"if","locations":[{"start":{"line":167,"column":8},"end":{"line":170,"column":9}},{"start":{"line":167,"column":8},"end":{"line":170,"column":9}}],"line":167},"10":{"loc":{"start":{"line":333,"column":8},"end":{"line":345,"column":9}},"type":"switch","locations":[{"start":{"line":334,"column":12},"end":{"line":341,"column":13}},{"start":{"line":342,"column":12},"end":{"line":344,"column":13}}],"line":333},"11":{"loc":{"start":{"line":358,"column":8},"end":{"line":372,"column":9}},"type":"switch","locations":[{"start":{"line":359,"column":12},"end":{"line":368,"column":13}},{"start":{"line":369,"column":12},"end":{"line":371,"column":13}}],"line":358},"12":{"loc":{"start":{"line":388,"column":8},"end":{"line":398,"column":9}},"type":"switch","locations":[{"start":{"line":389,"column":12},"end":{"line":394,"column":13}},{"start":{"line":395,"column":12},"end":{"line":397,"column":13}}],"line":388},"13":{"loc":{"start":{"line":412,"column":8},"end":{"line":426,"column":9}},"type":"switch","locations":[{"start":{"line":413,"column":12},"end":{"line":422,"column":13}},{"start":{"line":423,"column":12},"end":{"line":425,"column":13}}],"line":412},"14":{"loc":{"start":{"line":608,"column":8},"end":{"line":608,"column":115}},"type":"if","locations":[{"start":{"line":608,"column":8},"end":{"line":608,"column":115}},{"start":{"line":608,"column":8},"end":{"line":608,"column":115}}],"line":608},"15":{"loc":{"start":{"line":622,"column":29},"end":{"line":622,"column":39}},"type":"default-arg","locations":[{"start":{"line":622,"column":36},"end":{"line":622,"column":39}}],"line":622},"16":{"loc":{"start":{"line":622,"column":41},"end":{"line":622,"column":63}},"type":"default-arg","locations":[{"start":{"line":622,"column":50},"end":{"line":622,"column":63}}],"line":622}},"s":{"0":0,"1":0,"2":0,"3":0,"4":0,"5":0,"6":0,"7":0,"8":0,"9":0,"10":0,"11":0,"12":0,"13":0,"14":0,"15":0,"16":0,"17":0,"18":0,"19":0,"20":0,"21":0,"22":0,"23":0,"24":0,"25":0,"26":0,"27":0,"28":0,"29":0,"30":0,"31":0,"32":0,"33":0,"34":0,"35":0,"36":0,"37":0,"38":0,"39":0,"40":0,"41":0,"42":0,"43":0,"44":0,"45":0,"46":0,"47":0,"48":0,"49":0,"50":0,"51":0,"52":0,"53":0,"54":0,"55":0,"56":0,"57":0,"58":0,"59":0,"60":0,"61":0,"62":0,"63":0,"64":0,"65":0,"66":0,"67":0,"68":0,"69":0,"70":0,"71":0,"72":0,"73":0,"74":0,"75":0,"76":0,"77":0,"78":0,"79":0,"80":0,"81":0,"82":0,"83":0,"84":0,"85":0,"86":0,"87":0,"88":0,"89":0,"90":0,"91":0,"92":0,"93":0,"94":0,"95":0,"96":0,"97":0,"98":0,"99":0,"100":0,"101":0,"102":0,"103":0,"104":0,"105":0,"106":0,"107":0,"108":0,"109":0,"110":0,"111":0,"112":0,"113":0,"114":0,"115":0,"116":0,"117":0,"118":0,"119":0,"120":0,"121":0,"122":0,"123":0,"124":0,"125":0,"126":0,"127":0,"128":0,"129":0,"130":0,"131":0,"132":0,"133":0,"134":0,"135":0,"136":0,"137":0,"138":0,"139":0,"140":0,"141":0,"142":0,"143":0,"144":0,"145":0,"146":0,"147":0,"148":0,"149":0,"150":0,"151":0,"152":0,"153":0,"154":0,"155":0,"156":0,"157":0,"158":0,"159":0,"160":0,"161":0,"162":0,"163":0,"164":0,"165":0,"166":0,"167":0,"168":0,"169":0,"170":0,"171":0,"172":0,"173":0,"174":0,"175":0,"176":0,"177":0,"178":0,"179":0,"180":0,"181":0,"182":0,"183":0,"184":0,"185":0,"186":0,"187":0,"188":0,"189":0,"190":0,"191":0,"192":0,"193":0,"194":0,"195":0,"196":0,"197":0,"198":0,"199":0,"200":0,"201":0,"202":0,"203":0,"204":0,"205":0,"206":0,"207":0,"208":0,"209":0,"210":0,"211":0,"212":0,"213":0,"214":0,"215":0,"216":0,"217":0,"218":0,"219":0,"220":0,"221":0,"222":0,"223":0,"224":0,"225":0,"226":0,"227":0,"228":0,"229":0,"230":0,"231":0,"232":0,"233":0,"234":0},"f":{"0":0,"1":0,"2":0,"3":0,"4":0,"5":0,"6":0,"7":0,"8":0,"9":0,"10":0,"11":0,"12":0,"13":0,"14":0,"15":0,"16":0,"17":0,"18":0,"19":0,"20":0,"21":0,"22":0,"23":0,"24":0,"25":0,"26":0,"27":0,"28":0,"29":0,"30":0,"31":0,"32":0,"33":0,"34":0,"35":0,"36":0,"37":0,"38":0,"39":0,"40":0,"41":0,"42":0,"43":0,"44":0,"45":0,"46":0,"47":0,"48":0,"49":0,"50":0,"51":0,"52":0,"53":0,"54":0,"55":0,"56":0,"57":0,"58":0,"59":0,"60":0,"61":0,"62":0,"63":0,"64":0,"65":0,"66":0,"67":0,"68":0,"69":0,"70":0,"71":0,"72":0,"73":0,"74":0,"75":0,"76":0,"77":0,"78":0,"79":0,"80":0,"81":0,"82":0,"83":0,"84":0,"85":0,"86":0,"87":0,"88":0,"89":0,"90":0,"91":0,"92":0,"93":0,"94":0,"95":0,"96":0,"97":0,"98":0,"99":0,"100":0,"101":0,"102":0,"103":0,"104":0,"105":0,"106":0,"107":0,"108":0,"109":0,"110":0,"111":0,"112":0,"113":0,"114":0,"115":0,"116":0,"117":0,"118":0,"119":0,"120":0,"121":0,"122":0},"b":{"0":[0,0],"1":[0],"2":[0],"3":[0],"4":[0],"5":[0],"6":[0],"7":[0,0],"8":[0,0],"9":[0,0],"10":[0,0],"11":[0,0],"12":[0,0],"13":[0,0],"14":[0,0],"15":[0],"16":[0]},"hash":"3e5aff73e9e981929c07c9d4262fd1f7505911c7"}
}
