{"/Users/sethir/code/jsdom-webdriver/server.js": {"path":"/Users/sethir/code/jsdom-webdriver/server.js","statementMap":{"0":{"start":{"line":1,"column":14},"end":{"line":1,"column":30}},"1":{"start":{"line":2,"column":11},"end":{"line":2,"column":24}},"2":{"start":{"line":3,"column":13},"end":{"line":3,"column":28}},"3":{"start":{"line":4,"column":11},"end":{"line":4,"column":24}},"4":{"start":{"line":5,"column":16},"end":{"line":5,"column":34}},"5":{"start":{"line":6,"column":45},"end":{"line":6,"column":61}},"6":{"start":{"line":7,"column":19},"end":{"line":7,"column":42}},"7":{"start":{"line":8,"column":17},"end":{"line":8,"column":37}},"8":{"start":{"line":9,"column":24},"end":{"line":9,"column":62}},"9":{"start":{"line":11,"column":16},"end":{"line":11,"column":53}},"10":{"start":{"line":15,"column":8},"end":{"line":15,"column":47}},"11":{"start":{"line":15,"column":35},"end":{"line":15,"column":47}},"12":{"start":{"line":16,"column":8},"end":{"line":16,"column":49}},"13":{"start":{"line":16,"column":37},"end":{"line":16,"column":49}},"14":{"start":{"line":18,"column":8},"end":{"line":18,"column":49}},"15":{"start":{"line":20,"column":8},"end":{"line":20,"column":41}},"16":{"start":{"line":24,"column":18},"end":{"line":24,"column":33}},"17":{"start":{"line":25,"column":23},"end":{"line":25,"column":69}},"18":{"start":{"line":27,"column":0},"end":{"line":27,"column":53}},"19":{"start":{"line":29,"column":27},"end":{"line":30,"column":89}},"20":{"start":{"line":30,"column":4},"end":{"line":30,"column":89}},"21":{"start":{"line":31,"column":28},"end":{"line":32,"column":89}},"22":{"start":{"line":32,"column":4},"end":{"line":32,"column":89}},"23":{"start":{"line":34,"column":25},"end":{"line":36,"column":1}},"24":{"start":{"line":38,"column":16},"end":{"line":85,"column":1}},"25":{"start":{"line":38,"column":33},"end":{"line":85,"column":1}},"26":{"start":{"line":39,"column":4},"end":{"line":39,"column":79}},"27":{"start":{"line":39,"column":49},"end":{"line":39,"column":77}},"28":{"start":{"line":41,"column":4},"end":{"line":84,"column":7}},"29":{"start":{"line":42,"column":8},"end":{"line":42,"column":60}},"30":{"start":{"line":43,"column":20},"end":{"line":43,"column":105}},"31":{"start":{"line":43,"column":37},"end":{"line":43,"column":105}},"32":{"start":{"line":44,"column":8},"end":{"line":44,"column":34}},"33":{"start":{"line":45,"column":8},"end":{"line":50,"column":10}},"34":{"start":{"line":52,"column":22},"end":{"line":52,"column":58}},"35":{"start":{"line":56,"column":8},"end":{"line":66,"column":9}},"36":{"start":{"line":61,"column":16},"end":{"line":61,"column":21}},"37":{"start":{"line":63,"column":12},"end":{"line":65,"column":15}},"38":{"start":{"line":68,"column":8},"end":{"line":83,"column":9}},"39":{"start":{"line":69,"column":27},"end":{"line":69,"column":61}},"40":{"start":{"line":70,"column":12},"end":{"line":70,"column":34}},"41":{"start":{"line":72,"column":12},"end":{"line":72,"column":47}},"42":{"start":{"line":78,"column":16},"end":{"line":78,"column":19}},"43":{"start":{"line":80,"column":12},"end":{"line":82,"column":15}},"44":{"start":{"line":87,"column":12},"end":{"line":87,"column":41}},"45":{"start":{"line":89,"column":12},"end":{"line":89,"column":31}},"46":{"start":{"line":90,"column":13},"end":{"line":90,"column":33}},"47":{"start":{"line":91,"column":15},"end":{"line":91,"column":37}},"48":{"start":{"line":93,"column":12},"end":{"line":96,"column":1}},"49":{"start":{"line":98,"column":0},"end":{"line":105,"column":3}},"50":{"start":{"line":103,"column":8},"end":{"line":103,"column":56}},"51":{"start":{"line":107,"column":0},"end":{"line":162,"column":3}},"52":{"start":{"line":112,"column":31},"end":{"line":112,"column":59}},"53":{"start":{"line":113,"column":31},"end":{"line":113,"column":66}},"54":{"start":{"line":115,"column":26},"end":{"line":115,"column":41}},"55":{"start":{"line":116,"column":22},"end":{"line":116,"column":50}},"56":{"start":{"line":118,"column":19},"end":{"line":118,"column":51}},"57":{"start":{"line":119,"column":24},"end":{"line":156,"column":9}},"58":{"start":{"line":124,"column":28},"end":{"line":124,"column":61}},"59":{"start":{"line":126,"column":16},"end":{"line":128,"column":17}},"60":{"start":{"line":127,"column":20},"end":{"line":127,"column":39}},"61":{"start":{"line":131,"column":35},"end":{"line":131,"column":45}},"62":{"start":{"line":132,"column":16},"end":{"line":132,"column":77}},"63":{"start":{"line":133,"column":16},"end":{"line":133,"column":81}},"64":{"start":{"line":134,"column":16},"end":{"line":142,"column":23}},"65":{"start":{"line":137,"column":36},"end":{"line":137,"column":69}},"66":{"start":{"line":139,"column":24},"end":{"line":141,"column":25}},"67":{"start":{"line":140,"column":28},"end":{"line":140,"column":47}},"68":{"start":{"line":144,"column":37},"end":{"line":144,"column":59}},"69":{"start":{"line":145,"column":37},"end":{"line":145,"column":59}},"70":{"start":{"line":147,"column":25},"end":{"line":147,"column":50}},"71":{"start":{"line":148,"column":16},"end":{"line":152,"column":17}},"72":{"start":{"line":149,"column":20},"end":{"line":149,"column":60}},"73":{"start":{"line":150,"column":20},"end":{"line":150,"column":50}},"74":{"start":{"line":151,"column":20},"end":{"line":151,"column":50}},"75":{"start":{"line":154,"column":16},"end":{"line":154,"column":26}},"76":{"start":{"line":158,"column":8},"end":{"line":158,"column":38}},"77":{"start":{"line":160,"column":8},"end":{"line":160,"column":73}},"78":{"start":{"line":164,"column":0},"end":{"line":174,"column":3}},"79":{"start":{"line":169,"column":24},"end":{"line":169,"column":52}},"80":{"start":{"line":171,"column":8},"end":{"line":171,"column":37}},"81":{"start":{"line":172,"column":8},"end":{"line":172,"column":40}},"82":{"start":{"line":176,"column":0},"end":{"line":185,"column":3}},"83":{"start":{"line":180,"column":8},"end":{"line":180,"column":41}},"84":{"start":{"line":182,"column":8},"end":{"line":182,"column":39}},"85":{"start":{"line":187,"column":0},"end":{"line":196,"column":3}},"86":{"start":{"line":191,"column":8},"end":{"line":191,"column":41}},"87":{"start":{"line":193,"column":8},"end":{"line":193,"column":39}},"88":{"start":{"line":198,"column":0},"end":{"line":257,"column":3}},"89":{"start":{"line":203,"column":24},"end":{"line":203,"column":52}},"90":{"start":{"line":205,"column":8},"end":{"line":205,"column":77}},"91":{"start":{"line":206,"column":8},"end":{"line":242,"column":11}},"92":{"start":{"line":220,"column":16},"end":{"line":221,"column":119}},"93":{"start":{"line":221,"column":49},"end":{"line":221,"column":116}},"94":{"start":{"line":222,"column":16},"end":{"line":240,"column":18}},"95":{"start":{"line":224,"column":24},"end":{"line":224,"column":67}},"96":{"start":{"line":227,"column":24},"end":{"line":227,"column":84}},"97":{"start":{"line":229,"column":24},"end":{"line":238,"column":31}},"98":{"start":{"line":230,"column":28},"end":{"line":237,"column":29}},"99":{"start":{"line":231,"column":32},"end":{"line":233,"column":33}},"100":{"start":{"line":232,"column":36},"end":{"line":232,"column":93}},"101":{"start":{"line":234,"column":32},"end":{"line":236,"column":33}},"102":{"start":{"line":235,"column":36},"end":{"line":235,"column":91}},"103":{"start":{"line":244,"column":8},"end":{"line":244,"column":65}},"104":{"start":{"line":259,"column":0},"end":{"line":268,"column":3}},"105":{"start":{"line":264,"column":24},"end":{"line":264,"column":52}},"106":{"start":{"line":266,"column":8},"end":{"line":266,"column":50}},"107":{"start":{"line":270,"column":0},"end":{"line":279,"column":3}},"108":{"start":{"line":274,"column":8},"end":{"line":274,"column":41}},"109":{"start":{"line":276,"column":8},"end":{"line":276,"column":39}},"110":{"start":{"line":281,"column":0},"end":{"line":290,"column":3}},"111":{"start":{"line":285,"column":8},"end":{"line":285,"column":41}},"112":{"start":{"line":287,"column":8},"end":{"line":287,"column":39}},"113":{"start":{"line":292,"column":0},"end":{"line":311,"column":3}},"114":{"start":{"line":297,"column":24},"end":{"line":297,"column":52}},"115":{"start":{"line":298,"column":20},"end":{"line":298,"column":33}},"116":{"start":{"line":299,"column":25},"end":{"line":299,"column":54}},"117":{"start":{"line":301,"column":8},"end":{"line":307,"column":11}},"118":{"start":{"line":309,"column":8},"end":{"line":309,"column":27}},"119":{"start":{"line":313,"column":0},"end":{"line":322,"column":3}},"120":{"start":{"line":318,"column":24},"end":{"line":318,"column":52}},"121":{"start":{"line":320,"column":8},"end":{"line":320,"column":51}},"122":{"start":{"line":324,"column":0},"end":{"line":333,"column":3}},"123":{"start":{"line":328,"column":8},"end":{"line":328,"column":41}},"124":{"start":{"line":330,"column":8},"end":{"line":330,"column":39}},"125":{"start":{"line":335,"column":0},"end":{"line":344,"column":3}},"126":{"start":{"line":340,"column":24},"end":{"line":340,"column":52}},"127":{"start":{"line":342,"column":8},"end":{"line":342,"column":37}},"128":{"start":{"line":346,"column":0},"end":{"line":355,"column":3}},"129":{"start":{"line":350,"column":8},"end":{"line":350,"column":41}},"130":{"start":{"line":352,"column":8},"end":{"line":352,"column":39}},"131":{"start":{"line":357,"column":0},"end":{"line":366,"column":3}},"132":{"start":{"line":361,"column":8},"end":{"line":361,"column":41}},"133":{"start":{"line":363,"column":8},"end":{"line":363,"column":39}},"134":{"start":{"line":368,"column":0},"end":{"line":377,"column":3}},"135":{"start":{"line":372,"column":8},"end":{"line":372,"column":41}},"136":{"start":{"line":374,"column":8},"end":{"line":374,"column":39}},"137":{"start":{"line":379,"column":0},"end":{"line":388,"column":3}},"138":{"start":{"line":383,"column":8},"end":{"line":383,"column":41}},"139":{"start":{"line":385,"column":8},"end":{"line":385,"column":39}},"140":{"start":{"line":390,"column":0},"end":{"line":399,"column":3}},"141":{"start":{"line":394,"column":8},"end":{"line":394,"column":41}},"142":{"start":{"line":396,"column":8},"end":{"line":396,"column":39}},"143":{"start":{"line":401,"column":0},"end":{"line":410,"column":3}},"144":{"start":{"line":405,"column":8},"end":{"line":405,"column":41}},"145":{"start":{"line":407,"column":8},"end":{"line":407,"column":39}},"146":{"start":{"line":412,"column":0},"end":{"line":421,"column":3}},"147":{"start":{"line":416,"column":8},"end":{"line":416,"column":41}},"148":{"start":{"line":418,"column":8},"end":{"line":418,"column":39}},"149":{"start":{"line":423,"column":0},"end":{"line":432,"column":3}},"150":{"start":{"line":427,"column":8},"end":{"line":427,"column":41}},"151":{"start":{"line":429,"column":8},"end":{"line":429,"column":39}},"152":{"start":{"line":434,"column":0},"end":{"line":443,"column":3}},"153":{"start":{"line":438,"column":8},"end":{"line":438,"column":41}},"154":{"start":{"line":440,"column":8},"end":{"line":440,"column":39}},"155":{"start":{"line":445,"column":0},"end":{"line":467,"column":3}},"156":{"start":{"line":450,"column":24},"end":{"line":450,"column":52}},"157":{"start":{"line":452,"column":8},"end":{"line":465,"column":9}},"158":{"start":{"line":454,"column":27},"end":{"line":454,"column":77}},"159":{"start":{"line":455,"column":27},"end":{"line":455,"column":59}},"160":{"start":{"line":457,"column":16},"end":{"line":457,"column":41}},"161":{"start":{"line":460,"column":16},"end":{"line":463,"column":19}},"162":{"start":{"line":469,"column":0},"end":{"line":507,"column":3}},"163":{"start":{"line":474,"column":24},"end":{"line":474,"column":52}},"164":{"start":{"line":476,"column":23},"end":{"line":476,"column":25}},"165":{"start":{"line":478,"column":8},"end":{"line":495,"column":9}},"166":{"start":{"line":480,"column":33},"end":{"line":480,"column":86}},"167":{"start":{"line":482,"column":16},"end":{"line":485,"column":17}},"168":{"start":{"line":483,"column":31},"end":{"line":483,"column":63}},"169":{"start":{"line":484,"column":20},"end":{"line":484,"column":36}},"170":{"start":{"line":487,"column":16},"end":{"line":487,"column":22}},"171":{"start":{"line":490,"column":16},"end":{"line":493,"column":19}},"172":{"start":{"line":503,"column":8},"end":{"line":505,"column":11}},"173":{"start":{"line":504,"column":12},"end":{"line":504,"column":37}},"174":{"start":{"line":509,"column":0},"end":{"line":532,"column":3}},"175":{"start":{"line":514,"column":24},"end":{"line":514,"column":52}},"176":{"start":{"line":515,"column":24},"end":{"line":515,"column":54}},"177":{"start":{"line":517,"column":8},"end":{"line":530,"column":9}},"178":{"start":{"line":519,"column":27},"end":{"line":519,"column":55}},"179":{"start":{"line":520,"column":27},"end":{"line":520,"column":59}},"180":{"start":{"line":522,"column":16},"end":{"line":522,"column":41}},"181":{"start":{"line":525,"column":16},"end":{"line":528,"column":19}},"182":{"start":{"line":534,"column":0},"end":{"line":567,"column":3}},"183":{"start":{"line":539,"column":24},"end":{"line":539,"column":52}},"184":{"start":{"line":540,"column":24},"end":{"line":540,"column":54}},"185":{"start":{"line":542,"column":23},"end":{"line":542,"column":25}},"186":{"start":{"line":544,"column":8},"end":{"line":561,"column":9}},"187":{"start":{"line":546,"column":33},"end":{"line":546,"column":64}},"188":{"start":{"line":548,"column":16},"end":{"line":551,"column":17}},"189":{"start":{"line":549,"column":31},"end":{"line":549,"column":63}},"190":{"start":{"line":550,"column":20},"end":{"line":550,"column":36}},"191":{"start":{"line":553,"column":16},"end":{"line":553,"column":22}},"192":{"start":{"line":556,"column":16},"end":{"line":559,"column":19}},"193":{"start":{"line":563,"column":8},"end":{"line":565,"column":11}},"194":{"start":{"line":564,"column":12},"end":{"line":564,"column":37}},"195":{"start":{"line":569,"column":0},"end":{"line":580,"column":3}},"196":{"start":{"line":574,"column":24},"end":{"line":574,"column":52}},"197":{"start":{"line":575,"column":24},"end":{"line":575,"column":67}},"198":{"start":{"line":576,"column":19},"end":{"line":576,"column":56}},"199":{"start":{"line":578,"column":8},"end":{"line":578,"column":33}},"200":{"start":{"line":582,"column":0},"end":{"line":592,"column":3}},"201":{"start":{"line":587,"column":24},"end":{"line":587,"column":52}},"202":{"start":{"line":588,"column":24},"end":{"line":588,"column":54}},"203":{"start":{"line":590,"column":8},"end":{"line":590,"column":43}},"204":{"start":{"line":594,"column":0},"end":{"line":604,"column":3}},"205":{"start":{"line":599,"column":24},"end":{"line":599,"column":52}},"206":{"start":{"line":600,"column":24},"end":{"line":600,"column":54}},"207":{"start":{"line":602,"column":8},"end":{"line":602,"column":52}},"208":{"start":{"line":606,"column":0},"end":{"line":616,"column":3}},"209":{"start":{"line":611,"column":24},"end":{"line":611,"column":52}},"210":{"start":{"line":612,"column":24},"end":{"line":612,"column":54}},"211":{"start":{"line":614,"column":8},"end":{"line":614,"column":38}},"212":{"start":{"line":618,"column":0},"end":{"line":629,"column":3}},"213":{"start":{"line":623,"column":24},"end":{"line":623,"column":52}},"214":{"start":{"line":624,"column":24},"end":{"line":624,"column":54}},"215":{"start":{"line":625,"column":23},"end":{"line":625,"column":69}},"216":{"start":{"line":627,"column":8},"end":{"line":627,"column":41}},"217":{"start":{"line":631,"column":0},"end":{"line":643,"column":3}},"218":{"start":{"line":636,"column":24},"end":{"line":636,"column":52}},"219":{"start":{"line":637,"column":24},"end":{"line":637,"column":54}},"220":{"start":{"line":641,"column":8},"end":{"line":641,"column":42}},"221":{"start":{"line":645,"column":0},"end":{"line":655,"column":3}},"222":{"start":{"line":650,"column":24},"end":{"line":650,"column":52}},"223":{"start":{"line":651,"column":24},"end":{"line":651,"column":54}},"224":{"start":{"line":653,"column":8},"end":{"line":653,"column":31}},"225":{"start":{"line":657,"column":0},"end":{"line":669,"column":3}},"226":{"start":{"line":661,"column":8},"end":{"line":661,"column":41}},"227":{"start":{"line":663,"column":8},"end":{"line":663,"column":39}},"228":{"start":{"line":666,"column":24},"end":{"line":666,"column":52}},"229":{"start":{"line":667,"column":24},"end":{"line":667,"column":54}},"230":{"start":{"line":671,"column":0},"end":{"line":681,"column":3}},"231":{"start":{"line":676,"column":24},"end":{"line":676,"column":52}},"232":{"start":{"line":677,"column":24},"end":{"line":677,"column":54}},"233":{"start":{"line":679,"column":8},"end":{"line":679,"column":33}},"234":{"start":{"line":683,"column":0},"end":{"line":693,"column":3}},"235":{"start":{"line":688,"column":24},"end":{"line":688,"column":52}},"236":{"start":{"line":689,"column":24},"end":{"line":689,"column":54}},"237":{"start":{"line":691,"column":8},"end":{"line":691,"column":24}},"238":{"start":{"line":695,"column":0},"end":{"line":705,"column":3}},"239":{"start":{"line":700,"column":24},"end":{"line":700,"column":52}},"240":{"start":{"line":701,"column":24},"end":{"line":701,"column":54}},"241":{"start":{"line":703,"column":8},"end":{"line":703,"column":27}},"242":{"start":{"line":707,"column":0},"end":{"line":725,"column":3}},"243":{"start":{"line":712,"column":24},"end":{"line":712,"column":52}},"244":{"start":{"line":713,"column":24},"end":{"line":713,"column":54}},"245":{"start":{"line":715,"column":8},"end":{"line":715,"column":48}},"246":{"start":{"line":715,"column":41},"end":{"line":715,"column":48}},"247":{"start":{"line":717,"column":8},"end":{"line":723,"column":9}},"248":{"start":{"line":718,"column":12},"end":{"line":718,"column":34}},"249":{"start":{"line":719,"column":15},"end":{"line":723,"column":9}},"250":{"start":{"line":720,"column":12},"end":{"line":720,"column":45}},"251":{"start":{"line":722,"column":12},"end":{"line":722,"column":33}},"252":{"start":{"line":727,"column":0},"end":{"line":738,"column":3}},"253":{"start":{"line":732,"column":24},"end":{"line":732,"column":52}},"254":{"start":{"line":734,"column":22},"end":{"line":734,"column":35}},"255":{"start":{"line":736,"column":8},"end":{"line":736,"column":33}},"256":{"start":{"line":740,"column":0},"end":{"line":785,"column":3}},"257":{"start":{"line":745,"column":24},"end":{"line":745,"column":52}},"258":{"start":{"line":747,"column":22},"end":{"line":747,"column":35}},"259":{"start":{"line":749,"column":8},"end":{"line":768,"column":9}},"260":{"start":{"line":751,"column":35},"end":{"line":751,"column":51}},"261":{"start":{"line":752,"column":32},"end":{"line":752,"column":62}},"262":{"start":{"line":757,"column":16},"end":{"line":757,"column":49}},"263":{"start":{"line":761,"column":29},"end":{"line":765,"column":36}},"264":{"start":{"line":766,"column":16},"end":{"line":766,"column":50}},"265":{"start":{"line":770,"column":8},"end":{"line":783,"column":11}},"266":{"start":{"line":787,"column":0},"end":{"line":814,"column":3}},"267":{"start":{"line":792,"column":24},"end":{"line":792,"column":52}},"268":{"start":{"line":794,"column":22},"end":{"line":794,"column":35}},"269":{"start":{"line":796,"column":8},"end":{"line":812,"column":11}},"270":{"start":{"line":816,"column":0},"end":{"line":830,"column":3}},"271":{"start":{"line":821,"column":24},"end":{"line":821,"column":52}},"272":{"start":{"line":822,"column":27},"end":{"line":822,"column":61}},"273":{"start":{"line":823,"column":24},"end":{"line":823,"column":68}},"274":{"start":{"line":825,"column":8},"end":{"line":828,"column":11}},"275":{"start":{"line":826,"column":89},"end":{"line":826,"column":95}},"276":{"start":{"line":827,"column":12},"end":{"line":827,"column":75}},"277":{"start":{"line":832,"column":0},"end":{"line":849,"column":3}},"278":{"start":{"line":837,"column":24},"end":{"line":837,"column":52}},"279":{"start":{"line":838,"column":27},"end":{"line":838,"column":61}},"280":{"start":{"line":839,"column":24},"end":{"line":839,"column":68}},"281":{"start":{"line":840,"column":23},"end":{"line":840,"column":63}},"282":{"start":{"line":840,"column":41},"end":{"line":840,"column":62}},"283":{"start":{"line":842,"column":8},"end":{"line":844,"column":9}},"284":{"start":{"line":843,"column":12},"end":{"line":843,"column":113}},"285":{"start":{"line":846,"column":85},"end":{"line":846,"column":91}},"286":{"start":{"line":847,"column":8},"end":{"line":847,"column":71}},"287":{"start":{"line":851,"column":0},"end":{"line":891,"column":3}},"288":{"start":{"line":856,"column":24},"end":{"line":856,"column":52}},"289":{"start":{"line":857,"column":27},"end":{"line":857,"column":61}},"290":{"start":{"line":858,"column":58},"end":{"line":858,"column":64}},"291":{"start":{"line":860,"column":8},"end":{"line":863,"column":9}},"292":{"start":{"line":861,"column":12},"end":{"line":861,"column":37}},"293":{"start":{"line":862,"column":12},"end":{"line":862,"column":37}},"294":{"start":{"line":865,"column":8},"end":{"line":874,"column":10}},"295":{"start":{"line":893,"column":0},"end":{"line":906,"column":3}},"296":{"start":{"line":898,"column":24},"end":{"line":898,"column":52}},"297":{"start":{"line":899,"column":27},"end":{"line":899,"column":61}},"298":{"start":{"line":900,"column":24},"end":{"line":900,"column":60}},"299":{"start":{"line":901,"column":23},"end":{"line":901,"column":63}},"300":{"start":{"line":901,"column":41},"end":{"line":901,"column":62}},"301":{"start":{"line":903,"column":8},"end":{"line":903,"column":29}},"302":{"start":{"line":904,"column":8},"end":{"line":904,"column":28}},"303":{"start":{"line":908,"column":0},"end":{"line":922,"column":3}},"304":{"start":{"line":913,"column":24},"end":{"line":913,"column":52}},"305":{"start":{"line":914,"column":27},"end":{"line":914,"column":61}},"306":{"start":{"line":915,"column":24},"end":{"line":915,"column":60}},"307":{"start":{"line":917,"column":8},"end":{"line":920,"column":9}},"308":{"start":{"line":918,"column":12},"end":{"line":918,"column":33}},"309":{"start":{"line":919,"column":12},"end":{"line":919,"column":32}},"310":{"start":{"line":924,"column":0},"end":{"line":933,"column":3}},"311":{"start":{"line":928,"column":8},"end":{"line":928,"column":41}},"312":{"start":{"line":930,"column":8},"end":{"line":930,"column":39}},"313":{"start":{"line":935,"column":0},"end":{"line":944,"column":3}},"314":{"start":{"line":939,"column":8},"end":{"line":939,"column":41}},"315":{"start":{"line":941,"column":8},"end":{"line":941,"column":39}},"316":{"start":{"line":946,"column":0},"end":{"line":955,"column":3}},"317":{"start":{"line":950,"column":8},"end":{"line":950,"column":41}},"318":{"start":{"line":952,"column":8},"end":{"line":952,"column":39}},"319":{"start":{"line":957,"column":0},"end":{"line":966,"column":3}},"320":{"start":{"line":961,"column":8},"end":{"line":961,"column":41}},"321":{"start":{"line":963,"column":8},"end":{"line":963,"column":39}},"322":{"start":{"line":968,"column":0},"end":{"line":977,"column":3}},"323":{"start":{"line":972,"column":8},"end":{"line":972,"column":41}},"324":{"start":{"line":974,"column":8},"end":{"line":974,"column":39}},"325":{"start":{"line":979,"column":0},"end":{"line":988,"column":3}},"326":{"start":{"line":983,"column":8},"end":{"line":983,"column":41}},"327":{"start":{"line":985,"column":8},"end":{"line":985,"column":39}},"328":{"start":{"line":990,"column":0},"end":{"line":999,"column":3}},"329":{"start":{"line":994,"column":8},"end":{"line":994,"column":41}},"330":{"start":{"line":996,"column":8},"end":{"line":996,"column":39}},"331":{"start":{"line":1001,"column":0},"end":{"line":1010,"column":3}},"332":{"start":{"line":1005,"column":8},"end":{"line":1005,"column":41}},"333":{"start":{"line":1007,"column":8},"end":{"line":1007,"column":39}},"334":{"start":{"line":1012,"column":20},"end":{"line":1016,"column":1}},"335":{"start":{"line":1013,"column":4},"end":{"line":1015,"column":7}},"336":{"start":{"line":1014,"column":8},"end":{"line":1014,"column":69}},"337":{"start":{"line":1018,"column":0},"end":{"line":1018,"column":33}}},"fnMap":{"0":{"name":"(anonymous_0)","decl":{"start":{"line":14,"column":4},"end":{"line":14,"column":5}},"loc":{"start":{"line":14,"column":24},"end":{"line":21,"column":5}},"line":14},"1":{"name":"(anonymous_1)","decl":{"start":{"line":29,"column":27},"end":{"line":29,"column":28}},"loc":{"start":{"line":30,"column":4},"end":{"line":30,"column":89}},"line":30},"2":{"name":"(anonymous_2)","decl":{"start":{"line":31,"column":28},"end":{"line":31,"column":29}},"loc":{"start":{"line":32,"column":4},"end":{"line":32,"column":89}},"line":32},"3":{"name":"(anonymous_3)","decl":{"start":{"line":38,"column":16},"end":{"line":38,"column":17}},"loc":{"start":{"line":38,"column":33},"end":{"line":85,"column":1}},"line":38},"4":{"name":"(anonymous_4)","decl":{"start":{"line":38,"column":33},"end":{"line":38,"column":34}},"loc":{"start":{"line":38,"column":70},"end":{"line":85,"column":1}},"line":38},"5":{"name":"(anonymous_5)","decl":{"start":{"line":39,"column":38},"end":{"line":39,"column":39}},"loc":{"start":{"line":39,"column":49},"end":{"line":39,"column":77}},"line":39},"6":{"name":"(anonymous_6)","decl":{"start":{"line":41,"column":22},"end":{"line":41,"column":23}},"loc":{"start":{"line":41,"column":42},"end":{"line":84,"column":5}},"line":41},"7":{"name":"(anonymous_7)","decl":{"start":{"line":43,"column":20},"end":{"line":43,"column":21}},"loc":{"start":{"line":43,"column":37},"end":{"line":43,"column":105}},"line":43},"8":{"name":"(anonymous_8)","decl":{"start":{"line":101,"column":4},"end":{"line":101,"column":5}},"loc":{"start":{"line":101,"column":27},"end":{"line":101,"column":29}},"line":101},"9":{"name":"(anonymous_9)","decl":{"start":{"line":102,"column":4},"end":{"line":102,"column":5}},"loc":{"start":{"line":102,"column":25},"end":{"line":104,"column":5}},"line":102},"10":{"name":"(anonymous_10)","decl":{"start":{"line":110,"column":4},"end":{"line":110,"column":5}},"loc":{"start":{"line":110,"column":27},"end":{"line":110,"column":29}},"line":110},"11":{"name":"(anonymous_11)","decl":{"start":{"line":111,"column":4},"end":{"line":111,"column":5}},"loc":{"start":{"line":111,"column":25},"end":{"line":161,"column":5}},"line":111},"12":{"name":"(anonymous_12)","decl":{"start":{"line":123,"column":12},"end":{"line":123,"column":13}},"loc":{"start":{"line":123,"column":27},"end":{"line":129,"column":13}},"line":123},"13":{"name":"(anonymous_13)","decl":{"start":{"line":130,"column":12},"end":{"line":130,"column":13}},"loc":{"start":{"line":130,"column":42},"end":{"line":155,"column":13}},"line":130},"14":{"name":"(anonymous_14)","decl":{"start":{"line":136,"column":21},"end":{"line":136,"column":22}},"loc":{"start":{"line":136,"column":27},"end":{"line":142,"column":21}},"line":136},"15":{"name":"(anonymous_15)","decl":{"start":{"line":167,"column":4},"end":{"line":167,"column":5}},"loc":{"start":{"line":167,"column":27},"end":{"line":167,"column":29}},"line":167},"16":{"name":"(anonymous_16)","decl":{"start":{"line":168,"column":4},"end":{"line":168,"column":5}},"loc":{"start":{"line":168,"column":33},"end":{"line":173,"column":5}},"line":168},"17":{"name":"(anonymous_17)","decl":{"start":{"line":179,"column":4},"end":{"line":179,"column":5}},"loc":{"start":{"line":179,"column":27},"end":{"line":183,"column":5}},"line":179},"18":{"name":"(anonymous_18)","decl":{"start":{"line":184,"column":4},"end":{"line":184,"column":5}},"loc":{"start":{"line":184,"column":25},"end":{"line":184,"column":27}},"line":184},"19":{"name":"(anonymous_19)","decl":{"start":{"line":190,"column":4},"end":{"line":190,"column":5}},"loc":{"start":{"line":190,"column":27},"end":{"line":194,"column":5}},"line":190},"20":{"name":"(anonymous_20)","decl":{"start":{"line":195,"column":4},"end":{"line":195,"column":5}},"loc":{"start":{"line":195,"column":25},"end":{"line":195,"column":27}},"line":195},"21":{"name":"(anonymous_21)","decl":{"start":{"line":201,"column":4},"end":{"line":201,"column":5}},"loc":{"start":{"line":201,"column":27},"end":{"line":201,"column":29}},"line":201},"22":{"name":"handle","decl":{"start":{"line":202,"column":27},"end":{"line":202,"column":33}},"loc":{"start":{"line":202,"column":59},"end":{"line":256,"column":5}},"line":202},"23":{"name":"(anonymous_23)","decl":{"start":{"line":212,"column":12},"end":{"line":212,"column":13}},"loc":{"start":{"line":212,"column":32},"end":{"line":241,"column":13}},"line":212},"24":{"name":"(anonymous_24)","decl":{"start":{"line":221,"column":42},"end":{"line":221,"column":43}},"loc":{"start":{"line":221,"column":49},"end":{"line":221,"column":116}},"line":221},"25":{"name":"(anonymous_25)","decl":{"start":{"line":221,"column":80},"end":{"line":221,"column":81}},"loc":{"start":{"line":221,"column":86},"end":{"line":221,"column":88}},"line":221},"26":{"name":"(anonymous_26)","decl":{"start":{"line":221,"column":106},"end":{"line":221,"column":107}},"loc":{"start":{"line":221,"column":112},"end":{"line":221,"column":114}},"line":221},"27":{"name":"(anonymous_27)","decl":{"start":{"line":223,"column":20},"end":{"line":223,"column":21}},"loc":{"start":{"line":223,"column":34},"end":{"line":225,"column":21}},"line":223},"28":{"name":"(anonymous_28)","decl":{"start":{"line":226,"column":20},"end":{"line":226,"column":21}},"loc":{"start":{"line":226,"column":57},"end":{"line":239,"column":21}},"line":226},"29":{"name":"(anonymous_29)","decl":{"start":{"line":229,"column":35},"end":{"line":229,"column":36}},"loc":{"start":{"line":229,"column":41},"end":{"line":238,"column":25}},"line":229},"30":{"name":"(anonymous_30)","decl":{"start":{"line":262,"column":4},"end":{"line":262,"column":5}},"loc":{"start":{"line":262,"column":27},"end":{"line":262,"column":29}},"line":262},"31":{"name":"(anonymous_31)","decl":{"start":{"line":263,"column":4},"end":{"line":263,"column":5}},"loc":{"start":{"line":263,"column":33},"end":{"line":267,"column":5}},"line":263},"32":{"name":"(anonymous_32)","decl":{"start":{"line":273,"column":4},"end":{"line":273,"column":5}},"loc":{"start":{"line":273,"column":27},"end":{"line":277,"column":5}},"line":273},"33":{"name":"(anonymous_33)","decl":{"start":{"line":278,"column":4},"end":{"line":278,"column":5}},"loc":{"start":{"line":278,"column":25},"end":{"line":278,"column":27}},"line":278},"34":{"name":"(anonymous_34)","decl":{"start":{"line":284,"column":4},"end":{"line":284,"column":5}},"loc":{"start":{"line":284,"column":27},"end":{"line":288,"column":5}},"line":284},"35":{"name":"(anonymous_35)","decl":{"start":{"line":289,"column":4},"end":{"line":289,"column":5}},"loc":{"start":{"line":289,"column":25},"end":{"line":289,"column":27}},"line":289},"36":{"name":"(anonymous_36)","decl":{"start":{"line":295,"column":4},"end":{"line":295,"column":5}},"loc":{"start":{"line":295,"column":27},"end":{"line":295,"column":29}},"line":295},"37":{"name":"(anonymous_37)","decl":{"start":{"line":296,"column":4},"end":{"line":296,"column":5}},"loc":{"start":{"line":296,"column":39},"end":{"line":310,"column":5}},"line":296},"38":{"name":"(anonymous_38)","decl":{"start":{"line":316,"column":4},"end":{"line":316,"column":5}},"loc":{"start":{"line":316,"column":27},"end":{"line":316,"column":29}},"line":316},"39":{"name":"(anonymous_39)","decl":{"start":{"line":317,"column":4},"end":{"line":317,"column":5}},"loc":{"start":{"line":317,"column":33},"end":{"line":321,"column":5}},"line":317},"40":{"name":"(anonymous_40)","decl":{"start":{"line":327,"column":4},"end":{"line":327,"column":5}},"loc":{"start":{"line":327,"column":27},"end":{"line":331,"column":5}},"line":327},"41":{"name":"(anonymous_41)","decl":{"start":{"line":332,"column":4},"end":{"line":332,"column":5}},"loc":{"start":{"line":332,"column":25},"end":{"line":332,"column":27}},"line":332},"42":{"name":"(anonymous_42)","decl":{"start":{"line":338,"column":4},"end":{"line":338,"column":5}},"loc":{"start":{"line":338,"column":27},"end":{"line":338,"column":29}},"line":338},"43":{"name":"(anonymous_43)","decl":{"start":{"line":339,"column":4},"end":{"line":339,"column":5}},"loc":{"start":{"line":339,"column":33},"end":{"line":343,"column":5}},"line":339},"44":{"name":"(anonymous_44)","decl":{"start":{"line":349,"column":4},"end":{"line":349,"column":5}},"loc":{"start":{"line":349,"column":27},"end":{"line":353,"column":5}},"line":349},"45":{"name":"(anonymous_45)","decl":{"start":{"line":354,"column":4},"end":{"line":354,"column":5}},"loc":{"start":{"line":354,"column":25},"end":{"line":354,"column":27}},"line":354},"46":{"name":"(anonymous_46)","decl":{"start":{"line":360,"column":4},"end":{"line":360,"column":5}},"loc":{"start":{"line":360,"column":27},"end":{"line":364,"column":5}},"line":360},"47":{"name":"(anonymous_47)","decl":{"start":{"line":365,"column":4},"end":{"line":365,"column":5}},"loc":{"start":{"line":365,"column":25},"end":{"line":365,"column":27}},"line":365},"48":{"name":"(anonymous_48)","decl":{"start":{"line":371,"column":4},"end":{"line":371,"column":5}},"loc":{"start":{"line":371,"column":27},"end":{"line":375,"column":5}},"line":371},"49":{"name":"(anonymous_49)","decl":{"start":{"line":376,"column":4},"end":{"line":376,"column":5}},"loc":{"start":{"line":376,"column":25},"end":{"line":376,"column":27}},"line":376},"50":{"name":"(anonymous_50)","decl":{"start":{"line":382,"column":4},"end":{"line":382,"column":5}},"loc":{"start":{"line":382,"column":27},"end":{"line":386,"column":5}},"line":382},"51":{"name":"(anonymous_51)","decl":{"start":{"line":387,"column":4},"end":{"line":387,"column":5}},"loc":{"start":{"line":387,"column":25},"end":{"line":387,"column":27}},"line":387},"52":{"name":"(anonymous_52)","decl":{"start":{"line":393,"column":4},"end":{"line":393,"column":5}},"loc":{"start":{"line":393,"column":27},"end":{"line":397,"column":5}},"line":393},"53":{"name":"(anonymous_53)","decl":{"start":{"line":398,"column":4},"end":{"line":398,"column":5}},"loc":{"start":{"line":398,"column":25},"end":{"line":398,"column":27}},"line":398},"54":{"name":"(anonymous_54)","decl":{"start":{"line":404,"column":4},"end":{"line":404,"column":5}},"loc":{"start":{"line":404,"column":27},"end":{"line":408,"column":5}},"line":404},"55":{"name":"(anonymous_55)","decl":{"start":{"line":409,"column":4},"end":{"line":409,"column":5}},"loc":{"start":{"line":409,"column":25},"end":{"line":409,"column":27}},"line":409},"56":{"name":"(anonymous_56)","decl":{"start":{"line":415,"column":4},"end":{"line":415,"column":5}},"loc":{"start":{"line":415,"column":27},"end":{"line":419,"column":5}},"line":415},"57":{"name":"(anonymous_57)","decl":{"start":{"line":420,"column":4},"end":{"line":420,"column":5}},"loc":{"start":{"line":420,"column":25},"end":{"line":420,"column":27}},"line":420},"58":{"name":"(anonymous_58)","decl":{"start":{"line":426,"column":4},"end":{"line":426,"column":5}},"loc":{"start":{"line":426,"column":27},"end":{"line":430,"column":5}},"line":426},"59":{"name":"(anonymous_59)","decl":{"start":{"line":431,"column":4},"end":{"line":431,"column":5}},"loc":{"start":{"line":431,"column":25},"end":{"line":431,"column":27}},"line":431},"60":{"name":"(anonymous_60)","decl":{"start":{"line":437,"column":4},"end":{"line":437,"column":5}},"loc":{"start":{"line":437,"column":27},"end":{"line":441,"column":5}},"line":437},"61":{"name":"(anonymous_61)","decl":{"start":{"line":442,"column":4},"end":{"line":442,"column":5}},"loc":{"start":{"line":442,"column":25},"end":{"line":442,"column":27}},"line":442},"62":{"name":"(anonymous_62)","decl":{"start":{"line":448,"column":4},"end":{"line":448,"column":5}},"loc":{"start":{"line":448,"column":27},"end":{"line":448,"column":29}},"line":448},"63":{"name":"(anonymous_63)","decl":{"start":{"line":449,"column":4},"end":{"line":449,"column":5}},"loc":{"start":{"line":449,"column":45},"end":{"line":466,"column":5}},"line":449},"64":{"name":"(anonymous_64)","decl":{"start":{"line":472,"column":4},"end":{"line":472,"column":5}},"loc":{"start":{"line":472,"column":27},"end":{"line":472,"column":29}},"line":472},"65":{"name":"(anonymous_65)","decl":{"start":{"line":473,"column":4},"end":{"line":473,"column":5}},"loc":{"start":{"line":473,"column":45},"end":{"line":506,"column":5}},"line":473},"66":{"name":"(anonymous_66)","decl":{"start":{"line":503,"column":26},"end":{"line":503,"column":27}},"loc":{"start":{"line":503,"column":32},"end":{"line":505,"column":9}},"line":503},"67":{"name":"(anonymous_67)","decl":{"start":{"line":512,"column":4},"end":{"line":512,"column":5}},"loc":{"start":{"line":512,"column":27},"end":{"line":512,"column":29}},"line":512},"68":{"name":"(anonymous_68)","decl":{"start":{"line":513,"column":4},"end":{"line":513,"column":5}},"loc":{"start":{"line":513,"column":57},"end":{"line":531,"column":5}},"line":513},"69":{"name":"(anonymous_69)","decl":{"start":{"line":537,"column":4},"end":{"line":537,"column":5}},"loc":{"start":{"line":537,"column":27},"end":{"line":537,"column":29}},"line":537},"70":{"name":"(anonymous_70)","decl":{"start":{"line":538,"column":4},"end":{"line":538,"column":5}},"loc":{"start":{"line":538,"column":57},"end":{"line":566,"column":5}},"line":538},"71":{"name":"(anonymous_71)","decl":{"start":{"line":563,"column":26},"end":{"line":563,"column":27}},"loc":{"start":{"line":563,"column":32},"end":{"line":565,"column":9}},"line":563},"72":{"name":"(anonymous_72)","decl":{"start":{"line":572,"column":4},"end":{"line":572,"column":5}},"loc":{"start":{"line":572,"column":27},"end":{"line":572,"column":29}},"line":572},"73":{"name":"(anonymous_73)","decl":{"start":{"line":573,"column":4},"end":{"line":573,"column":5}},"loc":{"start":{"line":573,"column":33},"end":{"line":579,"column":5}},"line":573},"74":{"name":"(anonymous_74)","decl":{"start":{"line":585,"column":4},"end":{"line":585,"column":5}},"loc":{"start":{"line":585,"column":27},"end":{"line":585,"column":29}},"line":585},"75":{"name":"(anonymous_75)","decl":{"start":{"line":586,"column":4},"end":{"line":586,"column":5}},"loc":{"start":{"line":586,"column":45},"end":{"line":591,"column":5}},"line":586},"76":{"name":"(anonymous_76)","decl":{"start":{"line":597,"column":4},"end":{"line":597,"column":5}},"loc":{"start":{"line":597,"column":27},"end":{"line":597,"column":29}},"line":597},"77":{"name":"(anonymous_77)","decl":{"start":{"line":598,"column":4},"end":{"line":598,"column":5}},"loc":{"start":{"line":598,"column":61},"end":{"line":603,"column":5}},"line":598},"78":{"name":"(anonymous_78)","decl":{"start":{"line":609,"column":4},"end":{"line":609,"column":5}},"loc":{"start":{"line":609,"column":27},"end":{"line":609,"column":29}},"line":609},"79":{"name":"(anonymous_79)","decl":{"start":{"line":610,"column":4},"end":{"line":610,"column":5}},"loc":{"start":{"line":610,"column":60},"end":{"line":615,"column":5}},"line":610},"80":{"name":"(anonymous_80)","decl":{"start":{"line":621,"column":4},"end":{"line":621,"column":5}},"loc":{"start":{"line":621,"column":27},"end":{"line":621,"column":29}},"line":621},"81":{"name":"(anonymous_81)","decl":{"start":{"line":622,"column":4},"end":{"line":622,"column":5}},"loc":{"start":{"line":622,"column":64},"end":{"line":628,"column":5}},"line":622},"82":{"name":"(anonymous_82)","decl":{"start":{"line":634,"column":4},"end":{"line":634,"column":5}},"loc":{"start":{"line":634,"column":27},"end":{"line":634,"column":29}},"line":634},"83":{"name":"(anonymous_83)","decl":{"start":{"line":635,"column":4},"end":{"line":635,"column":5}},"loc":{"start":{"line":635,"column":45},"end":{"line":642,"column":5}},"line":635},"84":{"name":"(anonymous_84)","decl":{"start":{"line":648,"column":4},"end":{"line":648,"column":5}},"loc":{"start":{"line":648,"column":27},"end":{"line":648,"column":29}},"line":648},"85":{"name":"(anonymous_85)","decl":{"start":{"line":649,"column":4},"end":{"line":649,"column":5}},"loc":{"start":{"line":649,"column":45},"end":{"line":654,"column":5}},"line":649},"86":{"name":"(anonymous_86)","decl":{"start":{"line":660,"column":4},"end":{"line":660,"column":5}},"loc":{"start":{"line":660,"column":27},"end":{"line":664,"column":5}},"line":660},"87":{"name":"(anonymous_87)","decl":{"start":{"line":665,"column":4},"end":{"line":665,"column":5}},"loc":{"start":{"line":665,"column":45},"end":{"line":668,"column":5}},"line":665},"88":{"name":"(anonymous_88)","decl":{"start":{"line":674,"column":4},"end":{"line":674,"column":5}},"loc":{"start":{"line":674,"column":27},"end":{"line":674,"column":29}},"line":674},"89":{"name":"(anonymous_89)","decl":{"start":{"line":675,"column":4},"end":{"line":675,"column":5}},"loc":{"start":{"line":675,"column":45},"end":{"line":680,"column":5}},"line":675},"90":{"name":"(anonymous_90)","decl":{"start":{"line":686,"column":4},"end":{"line":686,"column":5}},"loc":{"start":{"line":686,"column":27},"end":{"line":686,"column":29}},"line":686},"91":{"name":"(anonymous_91)","decl":{"start":{"line":687,"column":4},"end":{"line":687,"column":5}},"loc":{"start":{"line":687,"column":45},"end":{"line":692,"column":5}},"line":687},"92":{"name":"(anonymous_92)","decl":{"start":{"line":698,"column":4},"end":{"line":698,"column":5}},"loc":{"start":{"line":698,"column":27},"end":{"line":698,"column":29}},"line":698},"93":{"name":"(anonymous_93)","decl":{"start":{"line":699,"column":4},"end":{"line":699,"column":5}},"loc":{"start":{"line":699,"column":45},"end":{"line":704,"column":5}},"line":699},"94":{"name":"(anonymous_94)","decl":{"start":{"line":710,"column":4},"end":{"line":710,"column":5}},"loc":{"start":{"line":710,"column":27},"end":{"line":710,"column":29}},"line":710},"95":{"name":"(anonymous_95)","decl":{"start":{"line":711,"column":4},"end":{"line":711,"column":5}},"loc":{"start":{"line":711,"column":56},"end":{"line":724,"column":5}},"line":711},"96":{"name":"(anonymous_96)","decl":{"start":{"line":730,"column":4},"end":{"line":730,"column":5}},"loc":{"start":{"line":730,"column":27},"end":{"line":730,"column":29}},"line":730},"97":{"name":"(anonymous_97)","decl":{"start":{"line":731,"column":4},"end":{"line":731,"column":5}},"loc":{"start":{"line":731,"column":33},"end":{"line":737,"column":5}},"line":731},"98":{"name":"(anonymous_98)","decl":{"start":{"line":743,"column":4},"end":{"line":743,"column":5}},"loc":{"start":{"line":743,"column":27},"end":{"line":743,"column":29}},"line":743},"99":{"name":"(anonymous_99)","decl":{"start":{"line":744,"column":4},"end":{"line":744,"column":5}},"loc":{"start":{"line":744,"column":45},"end":{"line":784,"column":5}},"line":744},"100":{"name":"(anonymous_100)","decl":{"start":{"line":790,"column":4},"end":{"line":790,"column":5}},"loc":{"start":{"line":790,"column":27},"end":{"line":790,"column":29}},"line":790},"101":{"name":"(anonymous_101)","decl":{"start":{"line":791,"column":4},"end":{"line":791,"column":5}},"loc":{"start":{"line":791,"column":45},"end":{"line":813,"column":5}},"line":791},"102":{"name":"(anonymous_102)","decl":{"start":{"line":819,"column":4},"end":{"line":819,"column":5}},"loc":{"start":{"line":819,"column":27},"end":{"line":819,"column":29}},"line":819},"103":{"name":"(anonymous_103)","decl":{"start":{"line":820,"column":4},"end":{"line":820,"column":5}},"loc":{"start":{"line":820,"column":39},"end":{"line":829,"column":5}},"line":820},"104":{"name":"(anonymous_104)","decl":{"start":{"line":825,"column":27},"end":{"line":825,"column":28}},"loc":{"start":{"line":825,"column":37},"end":{"line":828,"column":9}},"line":825},"105":{"name":"(anonymous_105)","decl":{"start":{"line":835,"column":4},"end":{"line":835,"column":5}},"loc":{"start":{"line":835,"column":27},"end":{"line":835,"column":29}},"line":835},"106":{"name":"(anonymous_106)","decl":{"start":{"line":836,"column":4},"end":{"line":836,"column":5}},"loc":{"start":{"line":836,"column":46},"end":{"line":848,"column":5}},"line":836},"107":{"name":"(anonymous_107)","decl":{"start":{"line":840,"column":36},"end":{"line":840,"column":37}},"loc":{"start":{"line":840,"column":41},"end":{"line":840,"column":62}},"line":840},"108":{"name":"(anonymous_108)","decl":{"start":{"line":854,"column":4},"end":{"line":854,"column":5}},"loc":{"start":{"line":854,"column":27},"end":{"line":854,"column":29}},"line":854},"109":{"name":"(anonymous_109)","decl":{"start":{"line":855,"column":4},"end":{"line":855,"column":5}},"loc":{"start":{"line":855,"column":39},"end":{"line":890,"column":5}},"line":855},"110":{"name":"(anonymous_110)","decl":{"start":{"line":896,"column":4},"end":{"line":896,"column":5}},"loc":{"start":{"line":896,"column":27},"end":{"line":896,"column":29}},"line":896},"111":{"name":"(anonymous_111)","decl":{"start":{"line":897,"column":4},"end":{"line":897,"column":5}},"loc":{"start":{"line":897,"column":46},"end":{"line":905,"column":5}},"line":897},"112":{"name":"(anonymous_112)","decl":{"start":{"line":901,"column":36},"end":{"line":901,"column":37}},"loc":{"start":{"line":901,"column":41},"end":{"line":901,"column":62}},"line":901},"113":{"name":"(anonymous_113)","decl":{"start":{"line":911,"column":4},"end":{"line":911,"column":5}},"loc":{"start":{"line":911,"column":27},"end":{"line":911,"column":29}},"line":911},"114":{"name":"(anonymous_114)","decl":{"start":{"line":912,"column":4},"end":{"line":912,"column":5}},"loc":{"start":{"line":912,"column":33},"end":{"line":921,"column":5}},"line":912},"115":{"name":"(anonymous_115)","decl":{"start":{"line":927,"column":4},"end":{"line":927,"column":5}},"loc":{"start":{"line":927,"column":27},"end":{"line":931,"column":5}},"line":927},"116":{"name":"(anonymous_116)","decl":{"start":{"line":932,"column":4},"end":{"line":932,"column":5}},"loc":{"start":{"line":932,"column":25},"end":{"line":932,"column":27}},"line":932},"117":{"name":"(anonymous_117)","decl":{"start":{"line":938,"column":4},"end":{"line":938,"column":5}},"loc":{"start":{"line":938,"column":27},"end":{"line":942,"column":5}},"line":938},"118":{"name":"(anonymous_118)","decl":{"start":{"line":943,"column":4},"end":{"line":943,"column":5}},"loc":{"start":{"line":943,"column":25},"end":{"line":943,"column":27}},"line":943},"119":{"name":"(anonymous_119)","decl":{"start":{"line":949,"column":4},"end":{"line":949,"column":5}},"loc":{"start":{"line":949,"column":27},"end":{"line":953,"column":5}},"line":949},"120":{"name":"(anonymous_120)","decl":{"start":{"line":954,"column":4},"end":{"line":954,"column":5}},"loc":{"start":{"line":954,"column":25},"end":{"line":954,"column":27}},"line":954},"121":{"name":"(anonymous_121)","decl":{"start":{"line":960,"column":4},"end":{"line":960,"column":5}},"loc":{"start":{"line":960,"column":27},"end":{"line":964,"column":5}},"line":960},"122":{"name":"(anonymous_122)","decl":{"start":{"line":965,"column":4},"end":{"line":965,"column":5}},"loc":{"start":{"line":965,"column":25},"end":{"line":965,"column":27}},"line":965},"123":{"name":"(anonymous_123)","decl":{"start":{"line":971,"column":4},"end":{"line":971,"column":5}},"loc":{"start":{"line":971,"column":27},"end":{"line":975,"column":5}},"line":971},"124":{"name":"(anonymous_124)","decl":{"start":{"line":976,"column":4},"end":{"line":976,"column":5}},"loc":{"start":{"line":976,"column":25},"end":{"line":976,"column":27}},"line":976},"125":{"name":"(anonymous_125)","decl":{"start":{"line":982,"column":4},"end":{"line":982,"column":5}},"loc":{"start":{"line":982,"column":27},"end":{"line":986,"column":5}},"line":982},"126":{"name":"(anonymous_126)","decl":{"start":{"line":987,"column":4},"end":{"line":987,"column":5}},"loc":{"start":{"line":987,"column":25},"end":{"line":987,"column":27}},"line":987},"127":{"name":"(anonymous_127)","decl":{"start":{"line":993,"column":4},"end":{"line":993,"column":5}},"loc":{"start":{"line":993,"column":27},"end":{"line":997,"column":5}},"line":993},"128":{"name":"(anonymous_128)","decl":{"start":{"line":998,"column":4},"end":{"line":998,"column":5}},"loc":{"start":{"line":998,"column":25},"end":{"line":998,"column":27}},"line":998},"129":{"name":"(anonymous_129)","decl":{"start":{"line":1004,"column":4},"end":{"line":1004,"column":5}},"loc":{"start":{"line":1004,"column":27},"end":{"line":1008,"column":5}},"line":1004},"130":{"name":"(anonymous_130)","decl":{"start":{"line":1009,"column":4},"end":{"line":1009,"column":5}},"loc":{"start":{"line":1009,"column":25},"end":{"line":1009,"column":27}},"line":1009},"131":{"name":"(anonymous_131)","decl":{"start":{"line":1012,"column":20},"end":{"line":1012,"column":21}},"loc":{"start":{"line":1012,"column":28},"end":{"line":1016,"column":1}},"line":1012},"132":{"name":"(anonymous_132)","decl":{"start":{"line":1013,"column":28},"end":{"line":1013,"column":29}},"loc":{"start":{"line":1013,"column":39},"end":{"line":1015,"column":5}},"line":1013}},"branchMap":{"0":{"loc":{"start":{"line":15,"column":8},"end":{"line":15,"column":47}},"type":"if","locations":[{"start":{"line":15,"column":8},"end":{"line":15,"column":47}},{"start":{"line":15,"column":8},"end":{"line":15,"column":47}}],"line":15},"1":{"loc":{"start":{"line":16,"column":8},"end":{"line":16,"column":49}},"type":"if","locations":[{"start":{"line":16,"column":8},"end":{"line":16,"column":49}},{"start":{"line":16,"column":8},"end":{"line":16,"column":49}}],"line":16},"2":{"loc":{"start":{"line":47,"column":12},"end":{"line":49,"column":26}},"type":"cond-expr","locations":[{"start":{"line":48,"column":18},"end":{"line":48,"column":81}},{"start":{"line":49,"column":18},"end":{"line":49,"column":26}}],"line":47},"3":{"loc":{"start":{"line":47,"column":12},"end":{"line":47,"column":59}},"type":"binary-expr","locations":[{"start":{"line":47,"column":12},"end":{"line":47,"column":27}},{"start":{"line":47,"column":31},"end":{"line":47,"column":59}}],"line":47},"4":{"loc":{"start":{"line":56,"column":8},"end":{"line":66,"column":9}},"type":"if","locations":[{"start":{"line":56,"column":8},"end":{"line":66,"column":9}},{"start":{"line":56,"column":8},"end":{"line":66,"column":9}}],"line":56},"5":{"loc":{"start":{"line":58,"column":16},"end":{"line":58,"column":28}},"type":"default-arg","locations":[{"start":{"line":58,"column":25},"end":{"line":58,"column":28}}],"line":58},"6":{"loc":{"start":{"line":59,"column":16},"end":{"line":59,"column":46}},"type":"default-arg","locations":[{"start":{"line":59,"column":23},"end":{"line":59,"column":46}}],"line":59},"7":{"loc":{"start":{"line":60,"column":16},"end":{"line":60,"column":72}},"type":"default-arg","locations":[{"start":{"line":60,"column":26},"end":{"line":60,"column":72}}],"line":60},"8":{"loc":{"start":{"line":75,"column":16},"end":{"line":75,"column":28}},"type":"default-arg","locations":[{"start":{"line":75,"column":25},"end":{"line":75,"column":28}}],"line":75},"9":{"loc":{"start":{"line":76,"column":16},"end":{"line":76,"column":38}},"type":"default-arg","locations":[{"start":{"line":76,"column":23},"end":{"line":76,"column":38}}],"line":76},"10":{"loc":{"start":{"line":77,"column":16},"end":{"line":77,"column":74}},"type":"default-arg","locations":[{"start":{"line":77,"column":26},"end":{"line":77,"column":74}}],"line":77},"11":{"loc":{"start":{"line":126,"column":16},"end":{"line":128,"column":17}},"type":"if","locations":[{"start":{"line":126,"column":16},"end":{"line":128,"column":17}},{"start":{"line":126,"column":16},"end":{"line":128,"column":17}}],"line":126},"12":{"loc":{"start":{"line":132,"column":41},"end":{"line":132,"column":76}},"type":"binary-expr","locations":[{"start":{"line":132,"column":41},"end":{"line":132,"column":63}},{"start":{"line":132,"column":67},"end":{"line":132,"column":76}}],"line":132},"13":{"loc":{"start":{"line":133,"column":41},"end":{"line":133,"column":80}},"type":"binary-expr","locations":[{"start":{"line":133,"column":41},"end":{"line":133,"column":63}},{"start":{"line":133,"column":67},"end":{"line":133,"column":80}}],"line":133},"14":{"loc":{"start":{"line":135,"column":20},"end":{"line":142,"column":22}},"type":"binary-expr","locations":[{"start":{"line":135,"column":20},"end":{"line":135,"column":42}},{"start":{"line":136,"column":21},"end":{"line":142,"column":21}}],"line":135},"15":{"loc":{"start":{"line":139,"column":24},"end":{"line":141,"column":25}},"type":"if","locations":[{"start":{"line":139,"column":24},"end":{"line":141,"column":25}},{"start":{"line":139,"column":24},"end":{"line":141,"column":25}}],"line":139},"16":{"loc":{"start":{"line":148,"column":16},"end":{"line":152,"column":17}},"type":"if","locations":[{"start":{"line":148,"column":16},"end":{"line":152,"column":17}},{"start":{"line":148,"column":16},"end":{"line":152,"column":17}}],"line":148},"17":{"loc":{"start":{"line":221,"column":20},"end":{"line":221,"column":118}},"type":"binary-expr","locations":[{"start":{"line":221,"column":20},"end":{"line":221,"column":37}},{"start":{"line":221,"column":42},"end":{"line":221,"column":117}}],"line":221},"18":{"loc":{"start":{"line":230,"column":28},"end":{"line":237,"column":29}},"type":"if","locations":[{"start":{"line":230,"column":28},"end":{"line":237,"column":29}},{"start":{"line":230,"column":28},"end":{"line":237,"column":29}}],"line":230},"19":{"loc":{"start":{"line":231,"column":32},"end":{"line":233,"column":33}},"type":"if","locations":[{"start":{"line":231,"column":32},"end":{"line":233,"column":33}},{"start":{"line":231,"column":32},"end":{"line":233,"column":33}}],"line":231},"20":{"loc":{"start":{"line":234,"column":32},"end":{"line":236,"column":33}},"type":"if","locations":[{"start":{"line":234,"column":32},"end":{"line":236,"column":33}},{"start":{"line":234,"column":32},"end":{"line":236,"column":33}}],"line":234},"21":{"loc":{"start":{"line":452,"column":8},"end":{"line":465,"column":9}},"type":"switch","locations":[{"start":{"line":453,"column":12},"end":{"line":458,"column":13}},{"start":{"line":459,"column":12},"end":{"line":464,"column":13}}],"line":452},"22":{"loc":{"start":{"line":478,"column":8},"end":{"line":495,"column":9}},"type":"switch","locations":[{"start":{"line":479,"column":12},"end":{"line":488,"column":13}},{"start":{"line":489,"column":12},"end":{"line":494,"column":13}}],"line":478},"23":{"loc":{"start":{"line":517,"column":8},"end":{"line":530,"column":9}},"type":"switch","locations":[{"start":{"line":518,"column":12},"end":{"line":523,"column":13}},{"start":{"line":524,"column":12},"end":{"line":529,"column":13}}],"line":517},"24":{"loc":{"start":{"line":544,"column":8},"end":{"line":561,"column":9}},"type":"switch","locations":[{"start":{"line":545,"column":12},"end":{"line":554,"column":13}},{"start":{"line":555,"column":12},"end":{"line":560,"column":13}}],"line":544},"25":{"loc":{"start":{"line":715,"column":8},"end":{"line":715,"column":48}},"type":"if","locations":[{"start":{"line":715,"column":8},"end":{"line":715,"column":48}},{"start":{"line":715,"column":8},"end":{"line":715,"column":48}}],"line":715},"26":{"loc":{"start":{"line":717,"column":8},"end":{"line":723,"column":9}},"type":"if","locations":[{"start":{"line":717,"column":8},"end":{"line":723,"column":9}},{"start":{"line":717,"column":8},"end":{"line":723,"column":9}}],"line":717},"27":{"loc":{"start":{"line":719,"column":15},"end":{"line":723,"column":9}},"type":"if","locations":[{"start":{"line":719,"column":15},"end":{"line":723,"column":9}},{"start":{"line":719,"column":15},"end":{"line":723,"column":9}}],"line":719},"28":{"loc":{"start":{"line":749,"column":8},"end":{"line":768,"column":9}},"type":"switch","locations":[{"start":{"line":750,"column":12},"end":{"line":758,"column":13}},{"start":{"line":760,"column":12},"end":{"line":767,"column":13}}],"line":749},"29":{"loc":{"start":{"line":842,"column":8},"end":{"line":844,"column":9}},"type":"if","locations":[{"start":{"line":842,"column":8},"end":{"line":844,"column":9}},{"start":{"line":842,"column":8},"end":{"line":844,"column":9}}],"line":842},"30":{"loc":{"start":{"line":860,"column":8},"end":{"line":863,"column":9}},"type":"if","locations":[{"start":{"line":860,"column":8},"end":{"line":863,"column":9}},{"start":{"line":860,"column":8},"end":{"line":863,"column":9}}],"line":860},"31":{"loc":{"start":{"line":860,"column":12},"end":{"line":860,"column":44}},"type":"binary-expr","locations":[{"start":{"line":860,"column":12},"end":{"line":860,"column":18}},{"start":{"line":860,"column":22},"end":{"line":860,"column":44}}],"line":860}},"s":{"0":1,"1":1,"2":1,"3":1,"4":1,"5":1,"6":1,"7":1,"8":1,"9":1,"10":1,"11":0,"12":1,"13":0,"14":1,"15":1,"16":1,"17":1,"18":1,"19":1,"20":1,"21":1,"22":4,"23":1,"24":1,"25":3,"26":54,"27":71,"28":54,"29":46,"30":46,"31":138,"32":46,"33":46,"34":46,"35":46,"36":0,"37":0,"38":46,"39":46,"40":46,"41":46,"42":0,"43":0,"44":1,"45":1,"46":1,"47":1,"48":1,"49":1,"50":1,"51":1,"52":1,"53":1,"54":1,"55":1,"56":1,"57":1,"58":35,"59":35,"60":35,"61":12,"62":12,"63":12,"64":12,"65":4,"66":4,"67":4,"68":12,"69":12,"70":12,"71":12,"72":12,"73":12,"74":12,"75":12,"76":1,"77":1,"78":1,"79":1,"80":1,"81":1,"82":1,"83":0,"84":0,"85":1,"86":0,"87":0,"88":1,"89":1,"90":1,"91":1,"92":1,"93":0,"94":1,"95":0,"96":0,"97":0,"98":0,"99":0,"100":0,"101":0,"102":0,"103":1,"104":1,"105":1,"106":1,"107":1,"108":0,"109":0,"110":1,"111":0,"112":0,"113":1,"114":0,"115":0,"116":0,"117":0,"118":0,"119":1,"120":1,"121":1,"122":1,"123":0,"124":0,"125":1,"126":0,"127":0,"128":1,"129":0,"130":0,"131":1,"132":0,"133":0,"134":1,"135":0,"136":0,"137":1,"138":0,"139":0,"140":1,"141":0,"142":0,"143":1,"144":0,"145":0,"146":1,"147":0,"148":0,"149":1,"150":0,"151":0,"152":1,"153":0,"154":0,"155":1,"156":0,"157":0,"158":0,"159":0,"160":0,"161":0,"162":1,"163":1,"164":1,"165":1,"166":1,"167":1,"168":1,"169":1,"170":1,"171":0,"172":1,"173":1,"174":1,"175":11,"176":11,"177":11,"178":11,"179":11,"180":11,"181":0,"182":1,"183":0,"184":0,"185":0,"186":0,"187":0,"188":0,"189":0,"190":0,"191":0,"192":0,"193":0,"194":0,"195":1,"196":0,"197":0,"198":0,"199":0,"200":1,"201":16,"202":16,"203":16,"204":1,"205":0,"206":0,"207":0,"208":1,"209":0,"210":0,"211":0,"212":1,"213":0,"214":0,"215":0,"216":0,"217":1,"218":4,"219":4,"220":4,"221":1,"222":0,"223":0,"224":0,"225":1,"226":0,"227":0,"228":0,"229":0,"230":1,"231":0,"232":0,"233":0,"234":1,"235":3,"236":3,"237":3,"238":1,"239":0,"240":0,"241":0,"242":1,"243":0,"244":0,"245":0,"246":0,"247":0,"248":0,"249":0,"250":0,"251":0,"252":1,"253":0,"254":0,"255":0,"256":1,"257":5,"258":5,"259":5,"260":1,"261":1,"262":1,"263":4,"264":4,"265":4,"266":1,"267":0,"268":0,"269":0,"270":1,"271":0,"272":0,"273":0,"274":0,"275":0,"276":0,"277":1,"278":0,"279":0,"280":0,"281":0,"282":0,"283":0,"284":0,"285":0,"286":0,"287":1,"288":0,"289":0,"290":0,"291":0,"292":0,"293":0,"294":0,"295":1,"296":0,"297":0,"298":0,"299":0,"300":0,"301":0,"302":0,"303":1,"304":0,"305":0,"306":0,"307":0,"308":0,"309":0,"310":1,"311":0,"312":0,"313":1,"314":0,"315":0,"316":1,"317":0,"318":0,"319":1,"320":0,"321":0,"322":1,"323":0,"324":0,"325":1,"326":0,"327":0,"328":1,"329":0,"330":0,"331":1,"332":0,"333":0,"334":1,"335":1,"336":1,"337":1},"f":{"0":1,"1":1,"2":4,"3":3,"4":54,"5":71,"6":46,"7":138,"8":1,"9":1,"10":1,"11":1,"12":35,"13":12,"14":4,"15":1,"16":1,"17":0,"18":0,"19":0,"20":0,"21":1,"22":1,"23":1,"24":0,"25":0,"26":0,"27":0,"28":0,"29":0,"30":1,"31":1,"32":0,"33":0,"34":0,"35":0,"36":0,"37":0,"38":1,"39":1,"40":0,"41":0,"42":0,"43":0,"44":0,"45":0,"46":0,"47":0,"48":0,"49":0,"50":0,"51":0,"52":0,"53":0,"54":0,"55":0,"56":0,"57":0,"58":0,"59":0,"60":0,"61":0,"62":0,"63":0,"64":1,"65":1,"66":1,"67":11,"68":11,"69":0,"70":0,"71":0,"72":0,"73":0,"74":16,"75":16,"76":0,"77":0,"78":0,"79":0,"80":0,"81":0,"82":4,"83":4,"84":0,"85":0,"86":0,"87":0,"88":0,"89":0,"90":3,"91":3,"92":0,"93":0,"94":0,"95":0,"96":0,"97":0,"98":5,"99":5,"100":0,"101":0,"102":0,"103":0,"104":0,"105":0,"106":0,"107":0,"108":0,"109":0,"110":0,"111":0,"112":0,"113":0,"114":0,"115":0,"116":0,"117":0,"118":0,"119":0,"120":0,"121":0,"122":0,"123":0,"124":0,"125":0,"126":0,"127":0,"128":0,"129":0,"130":0,"131":1,"132":1},"b":{"0":[0,1],"1":[0,1],"2":[5,41],"3":[46,5],"4":[0,46],"5":[0],"6":[0],"7":[0],"8":[0],"9":[0],"10":[0],"11":[35,0],"12":[12,1],"13":[12,1],"14":[12,1],"15":[4,0],"16":[12,0],"17":[1,1],"18":[0,0],"19":[0,0],"20":[0,0],"21":[0,0],"22":[1,0],"23":[11,0],"24":[0,0],"25":[0,0],"26":[0,0],"27":[0,0],"28":[1,4],"29":[0,0],"30":[0,0],"31":[0,0]},"_coverageSchema":"43e27e138ebf9cfc5966b082cf9a028302ed4184","hash":"5a7a2e6d150d4caef2f7d11f6c90c11089231081"}
}
