TN:
SF:/Users/sethir/code/jsdom-webdriver/server.js
FN:14,(anonymous_0)
FN:29,(anonymous_1)
FN:31,(anonymous_2)
FN:38,(anonymous_3)
FN:38,(anonymous_4)
FN:39,(anonymous_5)
FN:41,(anonymous_6)
FN:43,(anonymous_7)
FN:101,(anonymous_8)
FN:102,(anonymous_9)
FN:110,(anonymous_10)
FN:111,(anonymous_11)
FN:123,(anonymous_12)
FN:130,(anonymous_13)
FN:136,(anonymous_14)
FN:167,(anonymous_15)
FN:168,(anonymous_16)
FN:179,(anonymous_17)
FN:184,(anonymous_18)
FN:190,(anonymous_19)
FN:195,(anonymous_20)
FN:201,(anonymous_21)
FN:202,handle
FN:212,(anonymous_23)
FN:221,(anonymous_24)
FN:221,(anonymous_25)
FN:221,(anonymous_26)
FN:223,(anonymous_27)
FN:226,(anonymous_28)
FN:229,(anonymous_29)
FN:262,(anonymous_30)
FN:263,(anonymous_31)
FN:273,(anonymous_32)
FN:278,(anonymous_33)
FN:284,(anonymous_34)
FN:289,(anonymous_35)
FN:295,(anonymous_36)
FN:296,(anonymous_37)
FN:316,(anonymous_38)
FN:317,(anonymous_39)
FN:327,(anonymous_40)
FN:332,(anonymous_41)
FN:338,(anonymous_42)
FN:339,(anonymous_43)
FN:349,(anonymous_44)
FN:354,(anonymous_45)
FN:360,(anonymous_46)
FN:365,(anonymous_47)
FN:371,(anonymous_48)
FN:376,(anonymous_49)
FN:382,(anonymous_50)
FN:387,(anonymous_51)
FN:393,(anonymous_52)
FN:398,(anonymous_53)
FN:404,(anonymous_54)
FN:409,(anonymous_55)
FN:415,(anonymous_56)
FN:420,(anonymous_57)
FN:426,(anonymous_58)
FN:431,(anonymous_59)
FN:437,(anonymous_60)
FN:442,(anonymous_61)
FN:448,(anonymous_62)
FN:449,(anonymous_63)
FN:472,(anonymous_64)
FN:473,(anonymous_65)
FN:503,(anonymous_66)
FN:512,(anonymous_67)
FN:513,(anonymous_68)
FN:537,(anonymous_69)
FN:538,(anonymous_70)
FN:563,(anonymous_71)
FN:572,(anonymous_72)
FN:573,(anonymous_73)
FN:585,(anonymous_74)
FN:586,(anonymous_75)
FN:597,(anonymous_76)
FN:598,(anonymous_77)
FN:609,(anonymous_78)
FN:610,(anonymous_79)
FN:621,(anonymous_80)
FN:622,(anonymous_81)
FN:634,(anonymous_82)
FN:635,(anonymous_83)
FN:648,(anonymous_84)
FN:649,(anonymous_85)
FN:660,(anonymous_86)
FN:665,(anonymous_87)
FN:674,(anonymous_88)
FN:675,(anonymous_89)
FN:686,(anonymous_90)
FN:687,(anonymous_91)
FN:698,(anonymous_92)
FN:699,(anonymous_93)
FN:710,(anonymous_94)
FN:711,(anonymous_95)
FN:730,(anonymous_96)
FN:731,(anonymous_97)
FN:743,(anonymous_98)
FN:744,(anonymous_99)
FN:790,(anonymous_100)
FN:791,(anonymous_101)
FN:819,(anonymous_102)
FN:820,(anonymous_103)
FN:825,(anonymous_104)
FN:835,(anonymous_105)
FN:836,(anonymous_106)
FN:840,(anonymous_107)
FN:854,(anonymous_108)
FN:855,(anonymous_109)
FN:896,(anonymous_110)
FN:897,(anonymous_111)
FN:901,(anonymous_112)
FN:911,(anonymous_113)
FN:912,(anonymous_114)
FN:927,(anonymous_115)
FN:932,(anonymous_116)
FN:938,(anonymous_117)
FN:943,(anonymous_118)
FN:949,(anonymous_119)
FN:954,(anonymous_120)
FN:960,(anonymous_121)
FN:965,(anonymous_122)
FN:971,(anonymous_123)
FN:976,(anonymous_124)
FN:982,(anonymous_125)
FN:987,(anonymous_126)
FN:993,(anonymous_127)
FN:998,(anonymous_128)
FN:1004,(anonymous_129)
FN:1009,(anonymous_130)
FN:1012,(anonymous_131)
FN:1013,(anonymous_132)
FNF:133
FNH:39
FNDA:1,(anonymous_0)
FNDA:1,(anonymous_1)
FNDA:4,(anonymous_2)
FNDA:3,(anonymous_3)
FNDA:54,(anonymous_4)
FNDA:71,(anonymous_5)
FNDA:46,(anonymous_6)
FNDA:138,(anonymous_7)
FNDA:1,(anonymous_8)
FNDA:1,(anonymous_9)
FNDA:1,(anonymous_10)
FNDA:1,(anonymous_11)
FNDA:35,(anonymous_12)
FNDA:12,(anonymous_13)
FNDA:4,(anonymous_14)
FNDA:1,(anonymous_15)
FNDA:1,(anonymous_16)
FNDA:0,(anonymous_17)
FNDA:0,(anonymous_18)
FNDA:0,(anonymous_19)
FNDA:0,(anonymous_20)
FNDA:1,(anonymous_21)
FNDA:1,handle
FNDA:1,(anonymous_23)
FNDA:0,(anonymous_24)
FNDA:0,(anonymous_25)
FNDA:0,(anonymous_26)
FNDA:0,(anonymous_27)
FNDA:0,(anonymous_28)
FNDA:0,(anonymous_29)
FNDA:1,(anonymous_30)
FNDA:1,(anonymous_31)
FNDA:0,(anonymous_32)
FNDA:0,(anonymous_33)
FNDA:0,(anonymous_34)
FNDA:0,(anonymous_35)
FNDA:0,(anonymous_36)
FNDA:0,(anonymous_37)
FNDA:1,(anonymous_38)
FNDA:1,(anonymous_39)
FNDA:0,(anonymous_40)
FNDA:0,(anonymous_41)
FNDA:0,(anonymous_42)
FNDA:0,(anonymous_43)
FNDA:0,(anonymous_44)
FNDA:0,(anonymous_45)
FNDA:0,(anonymous_46)
FNDA:0,(anonymous_47)
FNDA:0,(anonymous_48)
FNDA:0,(anonymous_49)
FNDA:0,(anonymous_50)
FNDA:0,(anonymous_51)
FNDA:0,(anonymous_52)
FNDA:0,(anonymous_53)
FNDA:0,(anonymous_54)
FNDA:0,(anonymous_55)
FNDA:0,(anonymous_56)
FNDA:0,(anonymous_57)
FNDA:0,(anonymous_58)
FNDA:0,(anonymous_59)
FNDA:0,(anonymous_60)
FNDA:0,(anonymous_61)
FNDA:0,(anonymous_62)
FNDA:0,(anonymous_63)
FNDA:1,(anonymous_64)
FNDA:1,(anonymous_65)
FNDA:1,(anonymous_66)
FNDA:11,(anonymous_67)
FNDA:11,(anonymous_68)
FNDA:0,(anonymous_69)
FNDA:0,(anonymous_70)
FNDA:0,(anonymous_71)
FNDA:0,(anonymous_72)
FNDA:0,(anonymous_73)
FNDA:16,(anonymous_74)
FNDA:16,(anonymous_75)
FNDA:0,(anonymous_76)
FNDA:0,(anonymous_77)
FNDA:0,(anonymous_78)
FNDA:0,(anonymous_79)
FNDA:0,(anonymous_80)
FNDA:0,(anonymous_81)
FNDA:4,(anonymous_82)
FNDA:4,(anonymous_83)
FNDA:0,(anonymous_84)
FNDA:0,(anonymous_85)
FNDA:0,(anonymous_86)
FNDA:0,(anonymous_87)
FNDA:0,(anonymous_88)
FNDA:0,(anonymous_89)
FNDA:3,(anonymous_90)
FNDA:3,(anonymous_91)
FNDA:0,(anonymous_92)
FNDA:0,(anonymous_93)
FNDA:0,(anonymous_94)
FNDA:0,(anonymous_95)
FNDA:0,(anonymous_96)
FNDA:0,(anonymous_97)
FNDA:5,(anonymous_98)
FNDA:5,(anonymous_99)
FNDA:0,(anonymous_100)
FNDA:0,(anonymous_101)
FNDA:0,(anonymous_102)
FNDA:0,(anonymous_103)
FNDA:0,(anonymous_104)
FNDA:0,(anonymous_105)
FNDA:0,(anonymous_106)
FNDA:0,(anonymous_107)
FNDA:0,(anonymous_108)
FNDA:0,(anonymous_109)
FNDA:0,(anonymous_110)
FNDA:0,(anonymous_111)
FNDA:0,(anonymous_112)
FNDA:0,(anonymous_113)
FNDA:0,(anonymous_114)
FNDA:0,(anonymous_115)
FNDA:0,(anonymous_116)
FNDA:0,(anonymous_117)
FNDA:0,(anonymous_118)
FNDA:0,(anonymous_119)
FNDA:0,(anonymous_120)
FNDA:0,(anonymous_121)
FNDA:0,(anonymous_122)
FNDA:0,(anonymous_123)
FNDA:0,(anonymous_124)
FNDA:0,(anonymous_125)
FNDA:0,(anonymous_126)
FNDA:0,(anonymous_127)
FNDA:0,(anonymous_128)
FNDA:0,(anonymous_129)
FNDA:0,(anonymous_130)
FNDA:1,(anonymous_131)
FNDA:1,(anonymous_132)
DA:1,1
DA:2,1
DA:3,1
DA:4,1
DA:5,1
DA:6,1
DA:7,1
DA:8,1
DA:9,1
DA:11,1
DA:15,1
DA:16,1
DA:18,1
DA:20,1
DA:24,1
DA:25,1
DA:27,1
DA:29,1
DA:30,1
DA:31,1
DA:32,4
DA:34,1
DA:38,3
DA:39,71
DA:41,54
DA:42,46
DA:43,138
DA:44,46
DA:45,46
DA:52,46
DA:56,46
DA:61,0
DA:63,0
DA:68,46
DA:69,46
DA:70,46
DA:72,46
DA:78,0
DA:80,0
DA:87,1
DA:89,1
DA:90,1
DA:91,1
DA:93,1
DA:98,1
DA:103,1
DA:107,1
DA:112,1
DA:113,1
DA:115,1
DA:116,1
DA:118,1
DA:119,1
DA:124,35
DA:126,35
DA:127,35
DA:131,12
DA:132,12
DA:133,12
DA:134,12
DA:137,4
DA:139,4
DA:140,4
DA:144,12
DA:145,12
DA:147,12
DA:148,12
DA:149,12
DA:150,12
DA:151,12
DA:154,12
DA:158,1
DA:160,1
DA:164,1
DA:169,1
DA:171,1
DA:172,1
DA:176,1
DA:180,0
DA:182,0
DA:187,1
DA:191,0
DA:193,0
DA:198,1
DA:203,1
DA:205,1
DA:206,1
DA:220,1
DA:221,0
DA:222,1
DA:224,0
DA:227,0
DA:229,0
DA:230,0
DA:231,0
DA:232,0
DA:234,0
DA:235,0
DA:244,1
DA:259,1
DA:264,1
DA:266,1
DA:270,1
DA:274,0
DA:276,0
DA:281,1
DA:285,0
DA:287,0
DA:292,1
DA:297,0
DA:298,0
DA:299,0
DA:301,0
DA:309,0
DA:313,1
DA:318,1
DA:320,1
DA:324,1
DA:328,0
DA:330,0
DA:335,1
DA:340,0
DA:342,0
DA:346,1
DA:350,0
DA:352,0
DA:357,1
DA:361,0
DA:363,0
DA:368,1
DA:372,0
DA:374,0
DA:379,1
DA:383,0
DA:385,0
DA:390,1
DA:394,0
DA:396,0
DA:401,1
DA:405,0
DA:407,0
DA:412,1
DA:416,0
DA:418,0
DA:423,1
DA:427,0
DA:429,0
DA:434,1
DA:438,0
DA:440,0
DA:445,1
DA:450,0
DA:452,0
DA:454,0
DA:455,0
DA:457,0
DA:460,0
DA:469,1
DA:474,1
DA:476,1
DA:478,1
DA:480,1
DA:482,1
DA:483,1
DA:484,1
DA:487,1
DA:490,0
DA:503,1
DA:504,1
DA:509,1
DA:514,11
DA:515,11
DA:517,11
DA:519,11
DA:520,11
DA:522,11
DA:525,0
DA:534,1
DA:539,0
DA:540,0
DA:542,0
DA:544,0
DA:546,0
DA:548,0
DA:549,0
DA:550,0
DA:553,0
DA:556,0
DA:563,0
DA:564,0
DA:569,1
DA:574,0
DA:575,0
DA:576,0
DA:578,0
DA:582,1
DA:587,16
DA:588,16
DA:590,16
DA:594,1
DA:599,0
DA:600,0
DA:602,0
DA:606,1
DA:611,0
DA:612,0
DA:614,0
DA:618,1
DA:623,0
DA:624,0
DA:625,0
DA:627,0
DA:631,1
DA:636,4
DA:637,4
DA:641,4
DA:645,1
DA:650,0
DA:651,0
DA:653,0
DA:657,1
DA:661,0
DA:663,0
DA:666,0
DA:667,0
DA:671,1
DA:676,0
DA:677,0
DA:679,0
DA:683,1
DA:688,3
DA:689,3
DA:691,3
DA:695,1
DA:700,0
DA:701,0
DA:703,0
DA:707,1
DA:712,0
DA:713,0
DA:715,0
DA:717,0
DA:718,0
DA:719,0
DA:720,0
DA:722,0
DA:727,1
DA:732,0
DA:734,0
DA:736,0
DA:740,1
DA:745,5
DA:747,5
DA:749,5
DA:751,1
DA:752,1
DA:757,1
DA:761,4
DA:766,4
DA:770,4
DA:787,1
DA:792,0
DA:794,0
DA:796,0
DA:816,1
DA:821,0
DA:822,0
DA:823,0
DA:825,0
DA:826,0
DA:827,0
DA:832,1
DA:837,0
DA:838,0
DA:839,0
DA:840,0
DA:842,0
DA:843,0
DA:846,0
DA:847,0
DA:851,1
DA:856,0
DA:857,0
DA:858,0
DA:860,0
DA:861,0
DA:862,0
DA:865,0
DA:893,1
DA:898,0
DA:899,0
DA:900,0
DA:901,0
DA:903,0
DA:904,0
DA:908,1
DA:913,0
DA:914,0
DA:915,0
DA:917,0
DA:918,0
DA:919,0
DA:924,1
DA:928,0
DA:930,0
DA:935,1
DA:939,0
DA:941,0
DA:946,1
DA:950,0
DA:952,0
DA:957,1
DA:961,0
DA:963,0
DA:968,1
DA:972,0
DA:974,0
DA:979,1
DA:983,0
DA:985,0
DA:990,1
DA:994,0
DA:996,0
DA:1001,1
DA:1005,0
DA:1007,0
DA:1012,1
DA:1013,1
DA:1014,1
DA:1018,1
LF:330
LH:172
BRDA:15,0,0,0
BRDA:15,0,1,1
BRDA:16,1,0,0
BRDA:16,1,1,1
BRDA:47,2,0,5
BRDA:47,2,1,41
BRDA:47,3,0,46
BRDA:47,3,1,5
BRDA:56,4,0,0
BRDA:56,4,1,46
BRDA:58,5,0,0
BRDA:59,6,0,0
BRDA:60,7,0,0
BRDA:75,8,0,0
BRDA:76,9,0,0
BRDA:77,10,0,0
BRDA:126,11,0,35
BRDA:126,11,1,0
BRDA:132,12,0,12
BRDA:132,12,1,1
BRDA:133,13,0,12
BRDA:133,13,1,1
BRDA:135,14,0,12
BRDA:135,14,1,1
BRDA:139,15,0,4
BRDA:139,15,1,0
BRDA:148,16,0,12
BRDA:148,16,1,0
BRDA:221,17,0,1
BRDA:221,17,1,1
BRDA:230,18,0,0
BRDA:230,18,1,0
BRDA:231,19,0,0
BRDA:231,19,1,0
BRDA:234,20,0,0
BRDA:234,20,1,0
BRDA:452,21,0,0
BRDA:452,21,1,0
BRDA:478,22,0,1
BRDA:478,22,1,0
BRDA:517,23,0,11
BRDA:517,23,1,0
BRDA:544,24,0,0
BRDA:544,24,1,0
BRDA:715,25,0,0
BRDA:715,25,1,0
BRDA:717,26,0,0
BRDA:717,26,1,0
BRDA:719,27,0,0
BRDA:719,27,1,0
BRDA:749,28,0,1
BRDA:749,28,1,4
BRDA:842,29,0,0
BRDA:842,29,1,0
BRDA:860,30,0,0
BRDA:860,30,1,0
BRDA:860,31,0,0
BRDA:860,31,1,0
BRF:58
BRH:22
end_of_record
