TN:
SF:/Users/sethir/code/jsdom-webdriver/server.js
FN:16,(anonymous_0)
FN:16,(anonymous_1)
FN:17,(anonymous_2)
FN:19,(anonymous_3)
FN:21,(anonymous_4)
FN:74,(anonymous_5)
FN:75,(anonymous_6)
FN:86,(anonymous_7)
FN:87,(anonymous_8)
FN:99,(anonymous_9)
FN:106,(anonymous_10)
FN:133,(anonymous_11)
FN:134,(anonymous_12)
FN:145,(anonymous_13)
FN:148,(anonymous_14)
FN:154,(anonymous_15)
FN:157,(anonymous_16)
FN:163,(anonymous_17)
FN:164,handle
FN:180,(anonymous_19)
FN:187,(anonymous_20)
FN:188,(anonymous_21)
FN:198,(anonymous_22)
FN:199,(anonymous_23)
FN:207,(anonymous_24)
FN:208,(anonymous_25)
FN:216,(anonymous_26)
FN:217,(anonymous_27)
FN:237,(anonymous_28)
FN:238,(anonymous_29)
FN:248,(anonymous_30)
FN:249,(anonymous_31)
FN:255,(anonymous_32)
FN:256,(anonymous_33)
FN:266,(anonymous_34)
FN:267,(anonymous_35)
FN:273,(anonymous_36)
FN:274,(anonymous_37)
FN:280,(anonymous_38)
FN:281,(anonymous_39)
FN:287,(anonymous_40)
FN:288,(anonymous_41)
FN:294,(anonymous_42)
FN:295,(anonymous_43)
FN:301,(anonymous_44)
FN:302,(anonymous_45)
FN:308,(anonymous_46)
FN:309,(anonymous_47)
FN:315,(anonymous_48)
FN:316,(anonymous_49)
FN:322,(anonymous_50)
FN:323,(anonymous_51)
FN:329,(anonymous_52)
FN:330,(anonymous_53)
FN:352,(anonymous_54)
FN:353,(anonymous_55)
FN:374,(anonymous_56)
FN:383,(anonymous_57)
FN:384,(anonymous_58)
FN:405,(anonymous_59)
FN:406,(anonymous_60)
FN:428,(anonymous_61)
FN:437,(anonymous_62)
FN:438,(anonymous_63)
FN:447,(anonymous_64)
FN:448,(anonymous_65)
FN:457,(anonymous_66)
FN:458,(anonymous_67)
FN:467,(anonymous_68)
FN:468,(anonymous_69)
FN:477,(anonymous_70)
FN:478,(anonymous_71)
FN:490,(anonymous_72)
FN:491,(anonymous_73)
FN:502,(anonymous_74)
FN:503,(anonymous_75)
FN:514,(anonymous_76)
FN:515,(anonymous_77)
FN:524,(anonymous_78)
FN:525,(anonymous_79)
FN:534,(anonymous_80)
FN:535,(anonymous_81)
FN:544,(anonymous_82)
FN:545,(anonymous_83)
FN:554,(anonymous_84)
FN:555,(anonymous_85)
FN:564,(anonymous_86)
FN:565,(anonymous_87)
FN:571,(anonymous_88)
FN:572,(anonymous_89)
FN:578,(anonymous_90)
FN:579,(anonymous_91)
FN:585,(anonymous_92)
FN:586,(anonymous_93)
FN:591,(anonymous_94)
FN:601,(anonymous_95)
FN:602,(anonymous_96)
FN:606,(anonymous_97)
FN:618,(anonymous_98)
FN:619,(anonymous_99)
FN:642,(anonymous_100)
FN:643,(anonymous_101)
FN:647,(anonymous_102)
FN:657,(anonymous_103)
FN:658,(anonymous_104)
FN:673,(anonymous_105)
FN:674,(anonymous_106)
FN:680,(anonymous_107)
FN:681,(anonymous_108)
FN:687,(anonymous_109)
FN:688,(anonymous_110)
FN:694,(anonymous_111)
FN:695,(anonymous_112)
FN:701,(anonymous_113)
FN:702,(anonymous_114)
FN:708,(anonymous_115)
FN:709,(anonymous_116)
FN:715,(anonymous_117)
FN:716,(anonymous_118)
FN:722,(anonymous_119)
FN:723,(anonymous_120)
FN:726,(anonymous_121)
FN:727,(anonymous_122)
FNF:123
FNH:0
FNDA:0,(anonymous_0)
FNDA:0,(anonymous_1)
FNDA:0,(anonymous_2)
FNDA:0,(anonymous_3)
FNDA:0,(anonymous_4)
FNDA:0,(anonymous_5)
FNDA:0,(anonymous_6)
FNDA:0,(anonymous_7)
FNDA:0,(anonymous_8)
FNDA:0,(anonymous_9)
FNDA:0,(anonymous_10)
FNDA:0,(anonymous_11)
FNDA:0,(anonymous_12)
FNDA:0,(anonymous_13)
FNDA:0,(anonymous_14)
FNDA:0,(anonymous_15)
FNDA:0,(anonymous_16)
FNDA:0,(anonymous_17)
FNDA:0,handle
FNDA:0,(anonymous_19)
FNDA:0,(anonymous_20)
FNDA:0,(anonymous_21)
FNDA:0,(anonymous_22)
FNDA:0,(anonymous_23)
FNDA:0,(anonymous_24)
FNDA:0,(anonymous_25)
FNDA:0,(anonymous_26)
FNDA:0,(anonymous_27)
FNDA:0,(anonymous_28)
FNDA:0,(anonymous_29)
FNDA:0,(anonymous_30)
FNDA:0,(anonymous_31)
FNDA:0,(anonymous_32)
FNDA:0,(anonymous_33)
FNDA:0,(anonymous_34)
FNDA:0,(anonymous_35)
FNDA:0,(anonymous_36)
FNDA:0,(anonymous_37)
FNDA:0,(anonymous_38)
FNDA:0,(anonymous_39)
FNDA:0,(anonymous_40)
FNDA:0,(anonymous_41)
FNDA:0,(anonymous_42)
FNDA:0,(anonymous_43)
FNDA:0,(anonymous_44)
FNDA:0,(anonymous_45)
FNDA:0,(anonymous_46)
FNDA:0,(anonymous_47)
FNDA:0,(anonymous_48)
FNDA:0,(anonymous_49)
FNDA:0,(anonymous_50)
FNDA:0,(anonymous_51)
FNDA:0,(anonymous_52)
FNDA:0,(anonymous_53)
FNDA:0,(anonymous_54)
FNDA:0,(anonymous_55)
FNDA:0,(anonymous_56)
FNDA:0,(anonymous_57)
FNDA:0,(anonymous_58)
FNDA:0,(anonymous_59)
FNDA:0,(anonymous_60)
FNDA:0,(anonymous_61)
FNDA:0,(anonymous_62)
FNDA:0,(anonymous_63)
FNDA:0,(anonymous_64)
FNDA:0,(anonymous_65)
FNDA:0,(anonymous_66)
FNDA:0,(anonymous_67)
FNDA:0,(anonymous_68)
FNDA:0,(anonymous_69)
FNDA:0,(anonymous_70)
FNDA:0,(anonymous_71)
FNDA:0,(anonymous_72)
FNDA:0,(anonymous_73)
FNDA:0,(anonymous_74)
FNDA:0,(anonymous_75)
FNDA:0,(anonymous_76)
FNDA:0,(anonymous_77)
FNDA:0,(anonymous_78)
FNDA:0,(anonymous_79)
FNDA:0,(anonymous_80)
FNDA:0,(anonymous_81)
FNDA:0,(anonymous_82)
FNDA:0,(anonymous_83)
FNDA:0,(anonymous_84)
FNDA:0,(anonymous_85)
FNDA:0,(anonymous_86)
FNDA:0,(anonymous_87)
FNDA:0,(anonymous_88)
FNDA:0,(anonymous_89)
FNDA:0,(anonymous_90)
FNDA:0,(anonymous_91)
FNDA:0,(anonymous_92)
FNDA:0,(anonymous_93)
FNDA:0,(anonymous_94)
FNDA:0,(anonymous_95)
FNDA:0,(anonymous_96)
FNDA:0,(anonymous_97)
FNDA:0,(anonymous_98)
FNDA:0,(anonymous_99)
FNDA:0,(anonymous_100)
FNDA:0,(anonymous_101)
FNDA:0,(anonymous_102)
FNDA:0,(anonymous_103)
FNDA:0,(anonymous_104)
FNDA:0,(anonymous_105)
FNDA:0,(anonymous_106)
FNDA:0,(anonymous_107)
FNDA:0,(anonymous_108)
FNDA:0,(anonymous_109)
FNDA:0,(anonymous_110)
FNDA:0,(anonymous_111)
FNDA:0,(anonymous_112)
FNDA:0,(anonymous_113)
FNDA:0,(anonymous_114)
FNDA:0,(anonymous_115)
FNDA:0,(anonymous_116)
FNDA:0,(anonymous_117)
FNDA:0,(anonymous_118)
FNDA:0,(anonymous_119)
FNDA:0,(anonymous_120)
FNDA:0,(anonymous_121)
FNDA:0,(anonymous_122)
DA:1,0
DA:2,0
DA:3,0
DA:4,0
DA:5,0
DA:7,0
DA:11,0
DA:12,0
DA:14,0
DA:16,0
DA:17,0
DA:19,0
DA:20,0
DA:21,0
DA:22,0
DA:23,0
DA:25,0
DA:29,0
DA:34,0
DA:36,0
DA:41,0
DA:42,0
DA:43,0
DA:45,0
DA:51,0
DA:53,0
DA:60,0
DA:62,0
DA:63,0
DA:64,0
DA:66,0
DA:71,0
DA:76,0
DA:83,0
DA:88,0
DA:89,0
DA:91,0
DA:92,0
DA:94,0
DA:95,0
DA:100,0
DA:102,0
DA:103,0
DA:107,0
DA:108,0
DA:110,0
DA:111,0
DA:113,0
DA:114,0
DA:115,0
DA:116,0
DA:117,0
DA:120,0
DA:124,0
DA:126,0
DA:130,0
DA:135,0
DA:136,0
DA:138,0
DA:142,0
DA:146,0
DA:151,0
DA:155,0
DA:160,0
DA:165,0
DA:167,0
DA:168,0
DA:169,0
DA:172,0
DA:180,0
DA:184,0
DA:189,0
DA:191,0
DA:195,0
DA:200,0
DA:204,0
DA:209,0
DA:213,0
DA:218,0
DA:219,0
DA:220,0
DA:222,0
DA:230,0
DA:234,0
DA:239,0
DA:241,0
DA:245,0
DA:252,0
DA:257,0
DA:259,0
DA:263,0
DA:270,0
DA:277,0
DA:284,0
DA:291,0
DA:298,0
DA:305,0
DA:312,0
DA:319,0
DA:326,0
DA:331,0
DA:333,0
DA:335,0
DA:336,0
DA:338,0
DA:340,0
DA:343,0
DA:349,0
DA:354,0
DA:356,0
DA:358,0
DA:360,0
DA:362,0
DA:363,0
DA:364,0
DA:367,0
DA:370,0
DA:374,0
DA:375,0
DA:380,0
DA:385,0
DA:386,0
DA:388,0
DA:390,0
DA:391,0
DA:393,0
DA:396,0
DA:402,0
DA:407,0
DA:408,0
DA:410,0
DA:412,0
DA:414,0
DA:416,0
DA:417,0
DA:418,0
DA:421,0
DA:424,0
DA:428,0
DA:429,0
DA:434,0
DA:439,0
DA:440,0
DA:444,0
DA:449,0
DA:450,0
DA:454,0
DA:459,0
DA:460,0
DA:464,0
DA:469,0
DA:470,0
DA:474,0
DA:479,0
DA:480,0
DA:481,0
DA:483,0
DA:487,0
DA:492,0
DA:493,0
DA:495,0
DA:499,0
DA:504,0
DA:505,0
DA:507,0
DA:511,0
DA:516,0
DA:517,0
DA:521,0
DA:526,0
DA:527,0
DA:531,0
DA:536,0
DA:537,0
DA:541,0
DA:546,0
DA:547,0
DA:551,0
DA:556,0
DA:557,0
DA:561,0
DA:568,0
DA:575,0
DA:582,0
DA:587,0
DA:588,0
DA:589,0
DA:591,0
DA:592,0
DA:593,0
DA:598,0
DA:603,0
DA:604,0
DA:605,0
DA:606,0
DA:608,0
DA:610,0
DA:611,0
DA:615,0
DA:620,0
DA:621,0
DA:622,0
DA:624,0
DA:639,0
DA:644,0
DA:645,0
DA:646,0
DA:647,0
DA:649,0
DA:650,0
DA:654,0
DA:659,0
DA:660,0
DA:661,0
DA:663,0
DA:664,0
DA:665,0
DA:670,0
DA:677,0
DA:684,0
DA:691,0
DA:698,0
DA:705,0
DA:712,0
DA:719,0
DA:726,0
DA:727,0
DA:728,0
DA:732,0
LF:229
LH:0
BRDA:29,0,0,0
BRDA:29,0,1,0
BRDA:31,1,0,0
BRDA:32,2,0,0
BRDA:33,3,0,0
BRDA:48,4,0,0
BRDA:49,5,0,0
BRDA:50,6,0,0
BRDA:102,7,0,0
BRDA:102,7,1,0
BRDA:114,8,0,0
BRDA:114,8,1,0
BRDA:167,9,0,0
BRDA:167,9,1,0
BRDA:333,10,0,0
BRDA:333,10,1,0
BRDA:358,11,0,0
BRDA:358,11,1,0
BRDA:388,12,0,0
BRDA:388,12,1,0
BRDA:412,13,0,0
BRDA:412,13,1,0
BRDA:608,14,0,0
BRDA:608,14,1,0
BRDA:622,15,0,0
BRDA:622,16,0,0
BRF:26
BRH:0
end_of_record
